2025/11/12 21:01:06 INFO mlflow.projects.utils: === Created directory /tmp/tmpc912tib3 for downloading remote URIs passed to arguments of type 'path' ===
2025/11/12 21:01:06 INFO mlflow.projects.backend.local: === Running command 'python run.py --project_name=freeway_experiments --parent_run_id=last --preprocessor=quantum_amplitude_damping:0.01 --prism_dir=../prism_files --prism_file_path=freeway.prism --constant_definitions='' --prop='P=? [ F "goal" ]' --interpreter='' --prob_threshold=0 --task rl_model_checking --disabled_features '' --seed -1 --training_threshold -1000000000000 --num_episodes 1000 --eval_interval 9 --sliding_window_size 100 --reward_flag 0 --max_steps 100 --wrong_action_penalty 1000 --deploy 0 --postprocessor '' --range_plotting 1 --rl_algorithm dqn_agent --alpha 0.99 --noise_scale 0.01 --layers 2 --neurons 64 --replay_buffer_size 300000 --epsilon 1 --epsilon_dec 0.9999 --epsilon_min 0.1 --gamma 0.99 --replace 304 --lr 0.0001 --batch_size 32' in run with ID '9a49aeb6e8a54fda991dd556e5593bff' === 
Write to file test.drn.
Write to file test.drn.
Loaded last run fb883d5ba68041cb9674883a2528efe3 from project freeway_experiments
Copying run...
Copied run to ../mlruns/437278008735162994/zkmdi4fu15sbpyi3ydq1rxb2f4yasu5enssim4etm4
We use the following command line arguments:
{'task': 'rl_model_checking', 'project_name': 'freeway_experiments', 'parent_run_id': 'fb883d5ba68041cb9674883a2528efe3', 'prism_dir': '../prism_files', 'prism_file_path': 'freeway.prism', 'constant_definitions': '', 'disabled_features': '', 'seed': -1, 'training_threshold': -1000000000000.0, 'num_episodes': 1000, 'eval_interval': 9, 'sliding_window_size': 100, 'reward_flag': True, 'max_steps': 100, 'wrong_action_penalty': 1000, 'deploy': 0, 'preprocessor': 'quantum_amplitude_damping:0.01', 'postprocessor': '', 'interpreter': '', 'prop': 'P=? [ F "goal" ]', 'range_plotting': 1, 'rl_algorithm': 'qreinforce', 'alpha': 0.99, 'noise_scale': 0.01, 'layers': 2, 'neurons': 64, 'replay_buffer_size': 300000, 'epsilon': 1.0, 'epsilon_dec': 0.9999, 'epsilon_min': 0.1, 'gamma': 0.99, 'replace': 304, 'lr': 0.01, 'prob_threshold': 0.0, 'batch_size': 32}
/workspaces/coolmc/mlruns/437278008735162994/zkmdi4fu15sbpyi3ydq1rxb2f4yasu5enssim4etm4/artifacts/model
Loaded Quantum REINFORCE model from /workspaces/coolmc/mlruns/437278008735162994/zkmdi4fu15sbpyi3ydq1rxb2f4yasu5enssim4etm4/artifacts/model/quantum_reinforce.pth
Agent loaded.
Quantum Amplitude Damping: gamma=0.01
Preprocessors quantum_amplitude_damping:0.01
Configured quantum agent with gate-level amplitude damping noise (gamma=0.01 per gate)
  Device: default.mixed (density matrix simulation)
  Effect: Models energy relaxation (T1 decay) - qubits decay from |1⟩ to |0⟩
P=? [ F "goal" ]:	0.5987130670662877
Model Size:		496
Number of Transitions:	2080
Model Building Time:	315.7736442089081
Model Checking Time:	0.0006270408630371094
Constant definitions:	
Run ID: zkmdi4fu15sbpyi3ydq1rxb2f4yasu5enssim4etm4
2025/11/12 21:06:25 INFO mlflow.projects: === Run (ID '9a49aeb6e8a54fda991dd556e5593bff') succeeded ===
=======================
2025/11/12 21:06:26 INFO mlflow.projects.utils: === Created directory /tmp/tmpbo5m4oaj for downloading remote URIs passed to arguments of type 'path' ===
2025/11/12 21:06:26 INFO mlflow.projects.backend.local: === Running command 'python run.py --project_name=freeway_experiments --parent_run_id=last --preprocessor=quantum_amplitude_damping:0.02 --prism_dir=../prism_files --prism_file_path=freeway.prism --constant_definitions='' --prop='P=? [ F "goal" ]' --interpreter='' --prob_threshold=0 --task rl_model_checking --disabled_features '' --seed -1 --training_threshold -1000000000000 --num_episodes 1000 --eval_interval 9 --sliding_window_size 100 --reward_flag 0 --max_steps 100 --wrong_action_penalty 1000 --deploy 0 --postprocessor '' --range_plotting 1 --rl_algorithm dqn_agent --alpha 0.99 --noise_scale 0.01 --layers 2 --neurons 64 --replay_buffer_size 300000 --epsilon 1 --epsilon_dec 0.9999 --epsilon_min 0.1 --gamma 0.99 --replace 304 --lr 0.0001 --batch_size 32' in run with ID '034a9d7d353d4db8b3ad54efe382d82d' === 
Write to file test.drn.
Write to file test.drn.
Loaded last run fb883d5ba68041cb9674883a2528efe3 from project freeway_experiments
Copying run...
Copied run to ../mlruns/437278008735162994/g63ek2uzaqrcqika4jopf2ie6v64kcmk26o8m3t5yi
We use the following command line arguments:
{'task': 'rl_model_checking', 'project_name': 'freeway_experiments', 'parent_run_id': 'fb883d5ba68041cb9674883a2528efe3', 'prism_dir': '../prism_files', 'prism_file_path': 'freeway.prism', 'constant_definitions': '', 'disabled_features': '', 'seed': -1, 'training_threshold': -1000000000000.0, 'num_episodes': 1000, 'eval_interval': 9, 'sliding_window_size': 100, 'reward_flag': True, 'max_steps': 100, 'wrong_action_penalty': 1000, 'deploy': 0, 'preprocessor': 'quantum_amplitude_damping:0.02', 'postprocessor': '', 'interpreter': '', 'prop': 'P=? [ F "goal" ]', 'range_plotting': 1, 'rl_algorithm': 'qreinforce', 'alpha': 0.99, 'noise_scale': 0.01, 'layers': 2, 'neurons': 64, 'replay_buffer_size': 300000, 'epsilon': 1.0, 'epsilon_dec': 0.9999, 'epsilon_min': 0.1, 'gamma': 0.99, 'replace': 304, 'lr': 0.01, 'prob_threshold': 0.0, 'batch_size': 32}
/workspaces/coolmc/mlruns/437278008735162994/g63ek2uzaqrcqika4jopf2ie6v64kcmk26o8m3t5yi/artifacts/model
Loaded Quantum REINFORCE model from /workspaces/coolmc/mlruns/437278008735162994/g63ek2uzaqrcqika4jopf2ie6v64kcmk26o8m3t5yi/artifacts/model/quantum_reinforce.pth
Agent loaded.
Quantum Amplitude Damping: gamma=0.02
Preprocessors quantum_amplitude_damping:0.02
Configured quantum agent with gate-level amplitude damping noise (gamma=0.02 per gate)
  Device: default.mixed (density matrix simulation)
  Effect: Models energy relaxation (T1 decay) - qubits decay from |1⟩ to |0⟩
P=? [ F "goal" ]:	0.5716440948184665
Model Size:		496
Number of Transitions:	2080
Model Building Time:	308.3132321834564
Model Checking Time:	0.0006041526794433594
Constant definitions:	
Run ID: g63ek2uzaqrcqika4jopf2ie6v64kcmk26o8m3t5yi
2025/11/12 21:11:36 INFO mlflow.projects: === Run (ID '034a9d7d353d4db8b3ad54efe382d82d') succeeded ===
=======================
2025/11/12 21:11:37 INFO mlflow.projects.utils: === Created directory /tmp/tmpa9d6ebku for downloading remote URIs passed to arguments of type 'path' ===
2025/11/12 21:11:37 INFO mlflow.projects.backend.local: === Running command 'python run.py --project_name=freeway_experiments --parent_run_id=last --preprocessor=quantum_amplitude_damping:0.03 --prism_dir=../prism_files --prism_file_path=freeway.prism --constant_definitions='' --prop='P=? [ F "goal" ]' --interpreter='' --prob_threshold=0 --task rl_model_checking --disabled_features '' --seed -1 --training_threshold -1000000000000 --num_episodes 1000 --eval_interval 9 --sliding_window_size 100 --reward_flag 0 --max_steps 100 --wrong_action_penalty 1000 --deploy 0 --postprocessor '' --range_plotting 1 --rl_algorithm dqn_agent --alpha 0.99 --noise_scale 0.01 --layers 2 --neurons 64 --replay_buffer_size 300000 --epsilon 1 --epsilon_dec 0.9999 --epsilon_min 0.1 --gamma 0.99 --replace 304 --lr 0.0001 --batch_size 32' in run with ID '1ee09952a2034c188acd432472f0290d' === 
Write to file test.drn.
Write to file test.drn.
Loaded last run fb883d5ba68041cb9674883a2528efe3 from project freeway_experiments
Copying run...
Copied run to ../mlruns/437278008735162994/1v4lnvezy4suzuepx54jlwmh5c232s7u0om2bh5wfk
We use the following command line arguments:
{'task': 'rl_model_checking', 'project_name': 'freeway_experiments', 'parent_run_id': 'fb883d5ba68041cb9674883a2528efe3', 'prism_dir': '../prism_files', 'prism_file_path': 'freeway.prism', 'constant_definitions': '', 'disabled_features': '', 'seed': -1, 'training_threshold': -1000000000000.0, 'num_episodes': 1000, 'eval_interval': 9, 'sliding_window_size': 100, 'reward_flag': True, 'max_steps': 100, 'wrong_action_penalty': 1000, 'deploy': 0, 'preprocessor': 'quantum_amplitude_damping:0.03', 'postprocessor': '', 'interpreter': '', 'prop': 'P=? [ F "goal" ]', 'range_plotting': 1, 'rl_algorithm': 'qreinforce', 'alpha': 0.99, 'noise_scale': 0.01, 'layers': 2, 'neurons': 64, 'replay_buffer_size': 300000, 'epsilon': 1.0, 'epsilon_dec': 0.9999, 'epsilon_min': 0.1, 'gamma': 0.99, 'replace': 304, 'lr': 0.01, 'prob_threshold': 0.0, 'batch_size': 32}
/workspaces/coolmc/mlruns/437278008735162994/1v4lnvezy4suzuepx54jlwmh5c232s7u0om2bh5wfk/artifacts/model
Loaded Quantum REINFORCE model from /workspaces/coolmc/mlruns/437278008735162994/1v4lnvezy4suzuepx54jlwmh5c232s7u0om2bh5wfk/artifacts/model/quantum_reinforce.pth
Agent loaded.
Quantum Amplitude Damping: gamma=0.03
Preprocessors quantum_amplitude_damping:0.03
Configured quantum agent with gate-level amplitude damping noise (gamma=0.03 per gate)
  Device: default.mixed (density matrix simulation)
  Effect: Models energy relaxation (T1 decay) - qubits decay from |1⟩ to |0⟩
P=? [ F "goal" ]:	0.5397349736906057
Model Size:		496
Number of Transitions:	2080
Model Building Time:	310.7366144657135
Model Checking Time:	0.0006086826324462891
Constant definitions:	
Run ID: 1v4lnvezy4suzuepx54jlwmh5c232s7u0om2bh5wfk
2025/11/12 21:16:51 INFO mlflow.projects: === Run (ID '1ee09952a2034c188acd432472f0290d') succeeded ===
=======================
2025/11/12 21:16:52 INFO mlflow.projects.utils: === Created directory /tmp/tmpn43uufca for downloading remote URIs passed to arguments of type 'path' ===
2025/11/12 21:16:52 INFO mlflow.projects.backend.local: === Running command 'python run.py --project_name=freeway_experiments --parent_run_id=last --preprocessor=quantum_amplitude_damping:0.04 --prism_dir=../prism_files --prism_file_path=freeway.prism --constant_definitions='' --prop='P=? [ F "goal" ]' --interpreter='' --prob_threshold=0 --task rl_model_checking --disabled_features '' --seed -1 --training_threshold -1000000000000 --num_episodes 1000 --eval_interval 9 --sliding_window_size 100 --reward_flag 0 --max_steps 100 --wrong_action_penalty 1000 --deploy 0 --postprocessor '' --range_plotting 1 --rl_algorithm dqn_agent --alpha 0.99 --noise_scale 0.01 --layers 2 --neurons 64 --replay_buffer_size 300000 --epsilon 1 --epsilon_dec 0.9999 --epsilon_min 0.1 --gamma 0.99 --replace 304 --lr 0.0001 --batch_size 32' in run with ID 'c97d4b6a9e4442958dbc4e68a9918aed' === 
Write to file test.drn.
Write to file test.drn.
Loaded last run fb883d5ba68041cb9674883a2528efe3 from project freeway_experiments
Copying run...
Copied run to ../mlruns/437278008735162994/7nq6uelsjzlykcf3zq7j8qnb9i8k9zz79akkcg0slb
We use the following command line arguments:
{'task': 'rl_model_checking', 'project_name': 'freeway_experiments', 'parent_run_id': 'fb883d5ba68041cb9674883a2528efe3', 'prism_dir': '../prism_files', 'prism_file_path': 'freeway.prism', 'constant_definitions': '', 'disabled_features': '', 'seed': -1, 'training_threshold': -1000000000000.0, 'num_episodes': 1000, 'eval_interval': 9, 'sliding_window_size': 100, 'reward_flag': True, 'max_steps': 100, 'wrong_action_penalty': 1000, 'deploy': 0, 'preprocessor': 'quantum_amplitude_damping:0.04', 'postprocessor': '', 'interpreter': '', 'prop': 'P=? [ F "goal" ]', 'range_plotting': 1, 'rl_algorithm': 'qreinforce', 'alpha': 0.99, 'noise_scale': 0.01, 'layers': 2, 'neurons': 64, 'replay_buffer_size': 300000, 'epsilon': 1.0, 'epsilon_dec': 0.9999, 'epsilon_min': 0.1, 'gamma': 0.99, 'replace': 304, 'lr': 0.01, 'prob_threshold': 0.0, 'batch_size': 32}
/workspaces/coolmc/mlruns/437278008735162994/7nq6uelsjzlykcf3zq7j8qnb9i8k9zz79akkcg0slb/artifacts/model
Loaded Quantum REINFORCE model from /workspaces/coolmc/mlruns/437278008735162994/7nq6uelsjzlykcf3zq7j8qnb9i8k9zz79akkcg0slb/artifacts/model/quantum_reinforce.pth
Agent loaded.
Quantum Amplitude Damping: gamma=0.04
Preprocessors quantum_amplitude_damping:0.04
Configured quantum agent with gate-level amplitude damping noise (gamma=0.04 per gate)
  Device: default.mixed (density matrix simulation)
  Effect: Models energy relaxation (T1 decay) - qubits decay from |1⟩ to |0⟩
P=? [ F "goal" ]:	0.5030893118636985
Model Size:		496
Number of Transitions:	2080
Model Building Time:	314.3280704021454
Model Checking Time:	0.0006554126739501953
Constant definitions:	
Run ID: 7nq6uelsjzlykcf3zq7j8qnb9i8k9zz79akkcg0slb
2025/11/12 21:22:09 INFO mlflow.projects: === Run (ID 'c97d4b6a9e4442958dbc4e68a9918aed') succeeded ===
=======================
2025/11/12 21:22:10 INFO mlflow.projects.utils: === Created directory /tmp/tmpup2odnmm for downloading remote URIs passed to arguments of type 'path' ===
2025/11/12 21:22:10 INFO mlflow.projects.backend.local: === Running command 'python run.py --project_name=freeway_experiments --parent_run_id=last --preprocessor=quantum_amplitude_damping:0.05 --prism_dir=../prism_files --prism_file_path=freeway.prism --constant_definitions='' --prop='P=? [ F "goal" ]' --interpreter='' --prob_threshold=0 --task rl_model_checking --disabled_features '' --seed -1 --training_threshold -1000000000000 --num_episodes 1000 --eval_interval 9 --sliding_window_size 100 --reward_flag 0 --max_steps 100 --wrong_action_penalty 1000 --deploy 0 --postprocessor '' --range_plotting 1 --rl_algorithm dqn_agent --alpha 0.99 --noise_scale 0.01 --layers 2 --neurons 64 --replay_buffer_size 300000 --epsilon 1 --epsilon_dec 0.9999 --epsilon_min 0.1 --gamma 0.99 --replace 304 --lr 0.0001 --batch_size 32' in run with ID '499423ff5d764bdea7076a8f7b917b9b' === 
Write to file test.drn.
Write to file test.drn.
Loaded last run fb883d5ba68041cb9674883a2528efe3 from project freeway_experiments
Copying run...
Copied run to ../mlruns/437278008735162994/m3svdjafag1gtp7hm716k18q3rkco8ibgrtnm0101m
We use the following command line arguments:
{'task': 'rl_model_checking', 'project_name': 'freeway_experiments', 'parent_run_id': 'fb883d5ba68041cb9674883a2528efe3', 'prism_dir': '../prism_files', 'prism_file_path': 'freeway.prism', 'constant_definitions': '', 'disabled_features': '', 'seed': -1, 'training_threshold': -1000000000000.0, 'num_episodes': 1000, 'eval_interval': 9, 'sliding_window_size': 100, 'reward_flag': True, 'max_steps': 100, 'wrong_action_penalty': 1000, 'deploy': 0, 'preprocessor': 'quantum_amplitude_damping:0.05', 'postprocessor': '', 'interpreter': '', 'prop': 'P=? [ F "goal" ]', 'range_plotting': 1, 'rl_algorithm': 'qreinforce', 'alpha': 0.99, 'noise_scale': 0.01, 'layers': 2, 'neurons': 64, 'replay_buffer_size': 300000, 'epsilon': 1.0, 'epsilon_dec': 0.9999, 'epsilon_min': 0.1, 'gamma': 0.99, 'replace': 304, 'lr': 0.01, 'prob_threshold': 0.0, 'batch_size': 32}
/workspaces/coolmc/mlruns/437278008735162994/m3svdjafag1gtp7hm716k18q3rkco8ibgrtnm0101m/artifacts/model
Loaded Quantum REINFORCE model from /workspaces/coolmc/mlruns/437278008735162994/m3svdjafag1gtp7hm716k18q3rkco8ibgrtnm0101m/artifacts/model/quantum_reinforce.pth
Agent loaded.
Quantum Amplitude Damping: gamma=0.05
Preprocessors quantum_amplitude_damping:0.05
Configured quantum agent with gate-level amplitude damping noise (gamma=0.05 per gate)
  Device: default.mixed (density matrix simulation)
  Effect: Models energy relaxation (T1 decay) - qubits decay from |1⟩ to |0⟩
P=? [ F "goal" ]:	0.4621830626101835
Model Size:		496
Number of Transitions:	2080
Model Building Time:	314.3650665283203
Model Checking Time:	0.0006167888641357422
Constant definitions:	
Run ID: m3svdjafag1gtp7hm716k18q3rkco8ibgrtnm0101m
2025/11/12 21:27:27 INFO mlflow.projects: === Run (ID '499423ff5d764bdea7076a8f7b917b9b') succeeded ===
=======================
2025/11/12 21:27:28 INFO mlflow.projects.utils: === Created directory /tmp/tmp5yp1gkgv for downloading remote URIs passed to arguments of type 'path' ===
2025/11/12 21:27:28 INFO mlflow.projects.backend.local: === Running command 'python run.py --project_name=freeway_experiments --parent_run_id=last --preprocessor=quantum_amplitude_damping:0.06 --prism_dir=../prism_files --prism_file_path=freeway.prism --constant_definitions='' --prop='P=? [ F "goal" ]' --interpreter='' --prob_threshold=0 --task rl_model_checking --disabled_features '' --seed -1 --training_threshold -1000000000000 --num_episodes 1000 --eval_interval 9 --sliding_window_size 100 --reward_flag 0 --max_steps 100 --wrong_action_penalty 1000 --deploy 0 --postprocessor '' --range_plotting 1 --rl_algorithm dqn_agent --alpha 0.99 --noise_scale 0.01 --layers 2 --neurons 64 --replay_buffer_size 300000 --epsilon 1 --epsilon_dec 0.9999 --epsilon_min 0.1 --gamma 0.99 --replace 304 --lr 0.0001 --batch_size 32' in run with ID 'bf06f4084a834c4289c15a54c1564ac8' === 
Write to file test.drn.
Write to file test.drn.
Loaded last run fb883d5ba68041cb9674883a2528efe3 from project freeway_experiments
Copying run...
Copied run to ../mlruns/437278008735162994/o5zbu98w40y3twdqyuy1pyl1wt05bd5s04tk4v46bc
We use the following command line arguments:
{'task': 'rl_model_checking', 'project_name': 'freeway_experiments', 'parent_run_id': 'fb883d5ba68041cb9674883a2528efe3', 'prism_dir': '../prism_files', 'prism_file_path': 'freeway.prism', 'constant_definitions': '', 'disabled_features': '', 'seed': -1, 'training_threshold': -1000000000000.0, 'num_episodes': 1000, 'eval_interval': 9, 'sliding_window_size': 100, 'reward_flag': True, 'max_steps': 100, 'wrong_action_penalty': 1000, 'deploy': 0, 'preprocessor': 'quantum_amplitude_damping:0.06', 'postprocessor': '', 'interpreter': '', 'prop': 'P=? [ F "goal" ]', 'range_plotting': 1, 'rl_algorithm': 'qreinforce', 'alpha': 0.99, 'noise_scale': 0.01, 'layers': 2, 'neurons': 64, 'replay_buffer_size': 300000, 'epsilon': 1.0, 'epsilon_dec': 0.9999, 'epsilon_min': 0.1, 'gamma': 0.99, 'replace': 304, 'lr': 0.01, 'prob_threshold': 0.0, 'batch_size': 32}
/workspaces/coolmc/mlruns/437278008735162994/o5zbu98w40y3twdqyuy1pyl1wt05bd5s04tk4v46bc/artifacts/model
Loaded Quantum REINFORCE model from /workspaces/coolmc/mlruns/437278008735162994/o5zbu98w40y3twdqyuy1pyl1wt05bd5s04tk4v46bc/artifacts/model/quantum_reinforce.pth
Agent loaded.
Quantum Amplitude Damping: gamma=0.06
Preprocessors quantum_amplitude_damping:0.06
Configured quantum agent with gate-level amplitude damping noise (gamma=0.06 per gate)
  Device: default.mixed (density matrix simulation)
  Effect: Models energy relaxation (T1 decay) - qubits decay from |1⟩ to |0⟩
P=? [ F "goal" ]:	0.417893018363452
Model Size:		496
Number of Transitions:	2080
Model Building Time:	312.54569125175476
Model Checking Time:	0.0006322860717773438
Constant definitions:	
Run ID: o5zbu98w40y3twdqyuy1pyl1wt05bd5s04tk4v46bc
2025/11/12 21:32:43 INFO mlflow.projects: === Run (ID 'bf06f4084a834c4289c15a54c1564ac8') succeeded ===
=======================
2025/11/12 21:32:44 INFO mlflow.projects.utils: === Created directory /tmp/tmpyiabuhqj for downloading remote URIs passed to arguments of type 'path' ===
2025/11/12 21:32:44 INFO mlflow.projects.backend.local: === Running command 'python run.py --project_name=freeway_experiments --parent_run_id=last --preprocessor=quantum_amplitude_damping:0.07 --prism_dir=../prism_files --prism_file_path=freeway.prism --constant_definitions='' --prop='P=? [ F "goal" ]' --interpreter='' --prob_threshold=0 --task rl_model_checking --disabled_features '' --seed -1 --training_threshold -1000000000000 --num_episodes 1000 --eval_interval 9 --sliding_window_size 100 --reward_flag 0 --max_steps 100 --wrong_action_penalty 1000 --deploy 0 --postprocessor '' --range_plotting 1 --rl_algorithm dqn_agent --alpha 0.99 --noise_scale 0.01 --layers 2 --neurons 64 --replay_buffer_size 300000 --epsilon 1 --epsilon_dec 0.9999 --epsilon_min 0.1 --gamma 0.99 --replace 304 --lr 0.0001 --batch_size 32' in run with ID 'b09310a26e61498c97d7b402c4c1b414' === 
Write to file test.drn.
Write to file test.drn.
Loaded last run fb883d5ba68041cb9674883a2528efe3 from project freeway_experiments
Copying run...
Copied run to ../mlruns/437278008735162994/ehqvd6g91amwk5r6ljnu90eorbnm4fysyjst0k78m4
We use the following command line arguments:
{'task': 'rl_model_checking', 'project_name': 'freeway_experiments', 'parent_run_id': 'fb883d5ba68041cb9674883a2528efe3', 'prism_dir': '../prism_files', 'prism_file_path': 'freeway.prism', 'constant_definitions': '', 'disabled_features': '', 'seed': -1, 'training_threshold': -1000000000000.0, 'num_episodes': 1000, 'eval_interval': 9, 'sliding_window_size': 100, 'reward_flag': True, 'max_steps': 100, 'wrong_action_penalty': 1000, 'deploy': 0, 'preprocessor': 'quantum_amplitude_damping:0.07', 'postprocessor': '', 'interpreter': '', 'prop': 'P=? [ F "goal" ]', 'range_plotting': 1, 'rl_algorithm': 'qreinforce', 'alpha': 0.99, 'noise_scale': 0.01, 'layers': 2, 'neurons': 64, 'replay_buffer_size': 300000, 'epsilon': 1.0, 'epsilon_dec': 0.9999, 'epsilon_min': 0.1, 'gamma': 0.99, 'replace': 304, 'lr': 0.01, 'prob_threshold': 0.0, 'batch_size': 32}
/workspaces/coolmc/mlruns/437278008735162994/ehqvd6g91amwk5r6ljnu90eorbnm4fysyjst0k78m4/artifacts/model
Loaded Quantum REINFORCE model from /workspaces/coolmc/mlruns/437278008735162994/ehqvd6g91amwk5r6ljnu90eorbnm4fysyjst0k78m4/artifacts/model/quantum_reinforce.pth
Agent loaded.
Quantum Amplitude Damping: gamma=0.07
Preprocessors quantum_amplitude_damping:0.07
Configured quantum agent with gate-level amplitude damping noise (gamma=0.07 per gate)
  Device: default.mixed (density matrix simulation)
  Effect: Models energy relaxation (T1 decay) - qubits decay from |1⟩ to |0⟩
P=? [ F "goal" ]:	0.37146285432322157
Model Size:		496
Number of Transitions:	2080
Model Building Time:	312.6702697277069
Model Checking Time:	0.0006306171417236328
Constant definitions:	
Run ID: ehqvd6g91amwk5r6ljnu90eorbnm4fysyjst0k78m4
2025/11/12 21:37:59 INFO mlflow.projects: === Run (ID 'b09310a26e61498c97d7b402c4c1b414') succeeded ===
=======================
2025/11/12 21:38:00 INFO mlflow.projects.utils: === Created directory /tmp/tmpe7mzfmhw for downloading remote URIs passed to arguments of type 'path' ===
2025/11/12 21:38:00 INFO mlflow.projects.backend.local: === Running command 'python run.py --project_name=freeway_experiments --parent_run_id=last --preprocessor=quantum_amplitude_damping:0.08 --prism_dir=../prism_files --prism_file_path=freeway.prism --constant_definitions='' --prop='P=? [ F "goal" ]' --interpreter='' --prob_threshold=0 --task rl_model_checking --disabled_features '' --seed -1 --training_threshold -1000000000000 --num_episodes 1000 --eval_interval 9 --sliding_window_size 100 --reward_flag 0 --max_steps 100 --wrong_action_penalty 1000 --deploy 0 --postprocessor '' --range_plotting 1 --rl_algorithm dqn_agent --alpha 0.99 --noise_scale 0.01 --layers 2 --neurons 64 --replay_buffer_size 300000 --epsilon 1 --epsilon_dec 0.9999 --epsilon_min 0.1 --gamma 0.99 --replace 304 --lr 0.0001 --batch_size 32' in run with ID '35757066fc3e408fa683ffb33e7ade25' === 
Write to file test.drn.
Write to file test.drn.
Loaded last run fb883d5ba68041cb9674883a2528efe3 from project freeway_experiments
Copying run...
Copied run to ../mlruns/437278008735162994/6fi35i8988jeurprw5lhxyixpnchtjy4qg5u47ax2p
We use the following command line arguments:
{'task': 'rl_model_checking', 'project_name': 'freeway_experiments', 'parent_run_id': 'fb883d5ba68041cb9674883a2528efe3', 'prism_dir': '../prism_files', 'prism_file_path': 'freeway.prism', 'constant_definitions': '', 'disabled_features': '', 'seed': -1, 'training_threshold': -1000000000000.0, 'num_episodes': 1000, 'eval_interval': 9, 'sliding_window_size': 100, 'reward_flag': True, 'max_steps': 100, 'wrong_action_penalty': 1000, 'deploy': 0, 'preprocessor': 'quantum_amplitude_damping:0.08', 'postprocessor': '', 'interpreter': '', 'prop': 'P=? [ F "goal" ]', 'range_plotting': 1, 'rl_algorithm': 'qreinforce', 'alpha': 0.99, 'noise_scale': 0.01, 'layers': 2, 'neurons': 64, 'replay_buffer_size': 300000, 'epsilon': 1.0, 'epsilon_dec': 0.9999, 'epsilon_min': 0.1, 'gamma': 0.99, 'replace': 304, 'lr': 0.01, 'prob_threshold': 0.0, 'batch_size': 32}
/workspaces/coolmc/mlruns/437278008735162994/6fi35i8988jeurprw5lhxyixpnchtjy4qg5u47ax2p/artifacts/model
Loaded Quantum REINFORCE model from /workspaces/coolmc/mlruns/437278008735162994/6fi35i8988jeurprw5lhxyixpnchtjy4qg5u47ax2p/artifacts/model/quantum_reinforce.pth
Agent loaded.
Quantum Amplitude Damping: gamma=0.08
Preprocessors quantum_amplitude_damping:0.08
Configured quantum agent with gate-level amplitude damping noise (gamma=0.08 per gate)
  Device: default.mixed (density matrix simulation)
  Effect: Models energy relaxation (T1 decay) - qubits decay from |1⟩ to |0⟩
P=? [ F "goal" ]:	0.3243961981639769
Model Size:		496
Number of Transitions:	2080
Model Building Time:	313.091402053833
Model Checking Time:	0.0006651878356933594
Constant definitions:	
Run ID: 6fi35i8988jeurprw5lhxyixpnchtjy4qg5u47ax2p
2025/11/12 21:43:16 INFO mlflow.projects: === Run (ID '35757066fc3e408fa683ffb33e7ade25') succeeded ===
=======================
2025/11/12 21:43:17 INFO mlflow.projects.utils: === Created directory /tmp/tmpyv1a4olo for downloading remote URIs passed to arguments of type 'path' ===
2025/11/12 21:43:17 INFO mlflow.projects.backend.local: === Running command 'python run.py --project_name=freeway_experiments --parent_run_id=last --preprocessor=quantum_amplitude_damping:0.09 --prism_dir=../prism_files --prism_file_path=freeway.prism --constant_definitions='' --prop='P=? [ F "goal" ]' --interpreter='' --prob_threshold=0 --task rl_model_checking --disabled_features '' --seed -1 --training_threshold -1000000000000 --num_episodes 1000 --eval_interval 9 --sliding_window_size 100 --reward_flag 0 --max_steps 100 --wrong_action_penalty 1000 --deploy 0 --postprocessor '' --range_plotting 1 --rl_algorithm dqn_agent --alpha 0.99 --noise_scale 0.01 --layers 2 --neurons 64 --replay_buffer_size 300000 --epsilon 1 --epsilon_dec 0.9999 --epsilon_min 0.1 --gamma 0.99 --replace 304 --lr 0.0001 --batch_size 32' in run with ID '448d8b561b894d4aae2c3bd92e4784aa' === 
Write to file test.drn.
Write to file test.drn.
Loaded last run fb883d5ba68041cb9674883a2528efe3 from project freeway_experiments
Copying run...
Copied run to ../mlruns/437278008735162994/ju8hm933arb9ndt0h3xjccqg1fptujai81sjw3mesl
We use the following command line arguments:
{'task': 'rl_model_checking', 'project_name': 'freeway_experiments', 'parent_run_id': 'fb883d5ba68041cb9674883a2528efe3', 'prism_dir': '../prism_files', 'prism_file_path': 'freeway.prism', 'constant_definitions': '', 'disabled_features': '', 'seed': -1, 'training_threshold': -1000000000000.0, 'num_episodes': 1000, 'eval_interval': 9, 'sliding_window_size': 100, 'reward_flag': True, 'max_steps': 100, 'wrong_action_penalty': 1000, 'deploy': 0, 'preprocessor': 'quantum_amplitude_damping:0.09', 'postprocessor': '', 'interpreter': '', 'prop': 'P=? [ F "goal" ]', 'range_plotting': 1, 'rl_algorithm': 'qreinforce', 'alpha': 0.99, 'noise_scale': 0.01, 'layers': 2, 'neurons': 64, 'replay_buffer_size': 300000, 'epsilon': 1.0, 'epsilon_dec': 0.9999, 'epsilon_min': 0.1, 'gamma': 0.99, 'replace': 304, 'lr': 0.01, 'prob_threshold': 0.0, 'batch_size': 32}
/workspaces/coolmc/mlruns/437278008735162994/ju8hm933arb9ndt0h3xjccqg1fptujai81sjw3mesl/artifacts/model
Loaded Quantum REINFORCE model from /workspaces/coolmc/mlruns/437278008735162994/ju8hm933arb9ndt0h3xjccqg1fptujai81sjw3mesl/artifacts/model/quantum_reinforce.pth
Agent loaded.
Quantum Amplitude Damping: gamma=0.09
Preprocessors quantum_amplitude_damping:0.09
Configured quantum agent with gate-level amplitude damping noise (gamma=0.09 per gate)
  Device: default.mixed (density matrix simulation)
  Effect: Models energy relaxation (T1 decay) - qubits decay from |1⟩ to |0⟩
P=? [ F "goal" ]:	0.2782912090464761
Model Size:		496
Number of Transitions:	2080
Model Building Time:	309.6533055305481
Model Checking Time:	0.0006389617919921875
Constant definitions:	
Run ID: ju8hm933arb9ndt0h3xjccqg1fptujai81sjw3mesl
2025/11/12 21:48:29 INFO mlflow.projects: === Run (ID '448d8b561b894d4aae2c3bd92e4784aa') succeeded ===
=======================
2025/11/12 21:48:30 INFO mlflow.projects.utils: === Created directory /tmp/tmpzahrubdx for downloading remote URIs passed to arguments of type 'path' ===
2025/11/12 21:48:30 INFO mlflow.projects.backend.local: === Running command 'python run.py --project_name=freeway_experiments --parent_run_id=last --preprocessor=quantum_amplitude_damping:0.1 --prism_dir=../prism_files --prism_file_path=freeway.prism --constant_definitions='' --prop='P=? [ F "goal" ]' --interpreter='' --prob_threshold=0 --task rl_model_checking --disabled_features '' --seed -1 --training_threshold -1000000000000 --num_episodes 1000 --eval_interval 9 --sliding_window_size 100 --reward_flag 0 --max_steps 100 --wrong_action_penalty 1000 --deploy 0 --postprocessor '' --range_plotting 1 --rl_algorithm dqn_agent --alpha 0.99 --noise_scale 0.01 --layers 2 --neurons 64 --replay_buffer_size 300000 --epsilon 1 --epsilon_dec 0.9999 --epsilon_min 0.1 --gamma 0.99 --replace 304 --lr 0.0001 --batch_size 32' in run with ID 'e22574bdf7034752b2056e7a5283789e' === 
Write to file test.drn.
Write to file test.drn.
Loaded last run fb883d5ba68041cb9674883a2528efe3 from project freeway_experiments
Copying run...
Copied run to ../mlruns/437278008735162994/xbtlad655g1vhpg1xyctezds3k0dv9hwodipk0wl3k
We use the following command line arguments:
{'task': 'rl_model_checking', 'project_name': 'freeway_experiments', 'parent_run_id': 'fb883d5ba68041cb9674883a2528efe3', 'prism_dir': '../prism_files', 'prism_file_path': 'freeway.prism', 'constant_definitions': '', 'disabled_features': '', 'seed': -1, 'training_threshold': -1000000000000.0, 'num_episodes': 1000, 'eval_interval': 9, 'sliding_window_size': 100, 'reward_flag': True, 'max_steps': 100, 'wrong_action_penalty': 1000, 'deploy': 0, 'preprocessor': 'quantum_amplitude_damping:0.1', 'postprocessor': '', 'interpreter': '', 'prop': 'P=? [ F "goal" ]', 'range_plotting': 1, 'rl_algorithm': 'qreinforce', 'alpha': 0.99, 'noise_scale': 0.01, 'layers': 2, 'neurons': 64, 'replay_buffer_size': 300000, 'epsilon': 1.0, 'epsilon_dec': 0.9999, 'epsilon_min': 0.1, 'gamma': 0.99, 'replace': 304, 'lr': 0.01, 'prob_threshold': 0.0, 'batch_size': 32}
/workspaces/coolmc/mlruns/437278008735162994/xbtlad655g1vhpg1xyctezds3k0dv9hwodipk0wl3k/artifacts/model
Loaded Quantum REINFORCE model from /workspaces/coolmc/mlruns/437278008735162994/xbtlad655g1vhpg1xyctezds3k0dv9hwodipk0wl3k/artifacts/model/quantum_reinforce.pth
Agent loaded.
Quantum Amplitude Damping: gamma=0.1
Preprocessors quantum_amplitude_damping:0.1
Configured quantum agent with gate-level amplitude damping noise (gamma=0.1 per gate)
  Device: default.mixed (density matrix simulation)
  Effect: Models energy relaxation (T1 decay) - qubits decay from |1⟩ to |0⟩
P=? [ F "goal" ]:	0.23464623014351482
Model Size:		496
Number of Transitions:	2080
Model Building Time:	308.6413559913635
Model Checking Time:	0.0006046295166015625
Constant definitions:	
Run ID: xbtlad655g1vhpg1xyctezds3k0dv9hwodipk0wl3k
2025/11/12 21:53:41 INFO mlflow.projects: === Run (ID 'e22574bdf7034752b2056e7a5283789e') succeeded ===
=======================
