2025/11/12 16:39:21 INFO mlflow.projects.utils: === Created directory /tmp/tmpfyxc01qi for downloading remote URIs passed to arguments of type 'path' ===
2025/11/12 16:39:21 INFO mlflow.projects.backend.local: === Running command 'python run.py --project_name=frozen_lake_experiment --parent_run_id=last --preprocessor=quantum_phase_flip:0.01 --prism_dir=../prism_files --prism_file_path=frozen_lake.prism --constant_definitions=start_position=0,control=0.99 --prop='P=? [ F "at_frisbee" ]' --interpreter='' --prob_threshold=0 --task rl_model_checking --disabled_features '' --seed -1 --training_threshold -1000000000000 --num_episodes 1000 --eval_interval 9 --sliding_window_size 100 --reward_flag 0 --max_steps 100 --wrong_action_penalty 1000 --deploy 0 --postprocessor '' --range_plotting 1 --rl_algorithm dqn_agent --alpha 0.99 --noise_scale 0.01 --layers 2 --neurons 64 --replay_buffer_size 300000 --epsilon 1 --epsilon_dec 0.9999 --epsilon_min 0.1 --gamma 0.99 --replace 304 --lr 0.0001 --batch_size 32' in run with ID '470f261552934d65bdd8c1f1e7bbd0bc' === 
Write to file test.drn.
Write to file test.drn.
Loaded last run 9c6d855c63ce418ba3e3c001f3ebfdb6 from project frozen_lake_experiment
Copying run...
Copied run to ../mlruns/946964409166557318/daarr51r2ntbr5jcv2srxlu602vs5fdqxs2q8cmc11
We use the following command line arguments:
{'task': 'rl_model_checking', 'project_name': 'frozen_lake_experiment', 'parent_run_id': '9c6d855c63ce418ba3e3c001f3ebfdb6', 'prism_dir': '../prism_files', 'prism_file_path': 'frozen_lake.prism', 'constant_definitions': 'start_position=0,control=0.99', 'disabled_features': '', 'seed': -1, 'training_threshold': -1000000000000.0, 'num_episodes': 1000, 'eval_interval': 9, 'sliding_window_size': 100, 'reward_flag': True, 'max_steps': 500, 'wrong_action_penalty': 1000, 'deploy': 0, 'preprocessor': 'quantum_phase_flip:0.01', 'postprocessor': '', 'interpreter': '', 'prop': 'P=? [ F "at_frisbee" ]', 'range_plotting': 1, 'rl_algorithm': 'qreinforce', 'alpha': 0.99, 'noise_scale': 0.01, 'layers': 2, 'neurons': 64, 'replay_buffer_size': 300000, 'epsilon': 1.0, 'epsilon_dec': 0.9999, 'epsilon_min': 0.1, 'gamma': 0.99, 'replace': 304, 'lr': 0.0001, 'prob_threshold': 0.0, 'batch_size': 32}
/workspaces/coolmc/mlruns/946964409166557318/daarr51r2ntbr5jcv2srxlu602vs5fdqxs2q8cmc11/artifacts/model
Loaded Quantum REINFORCE model from /workspaces/coolmc/mlruns/946964409166557318/daarr51r2ntbr5jcv2srxlu602vs5fdqxs2q8cmc11/artifacts/model/quantum_reinforce.pth
Agent loaded.
Quantum Phase Flip: p=0.01
Preprocessors quantum_phase_flip:0.01
Configured quantum agent with gate-level phase flip noise (p=0.01 per gate)
  Device: default.mixed (density matrix simulation)
  Effect: Applies Pauli-Z with probability p (phase flip: |+⟩ ↔ |−⟩)
P=? [ F "at_frisbee" ]:	0.027485264035565723
Model Size:		17
Number of Transitions:	48
Model Building Time:	21.24609684944153
Model Checking Time:	0.00040078163146972656
Constant definitions:	start_position=0,control=0.99
Run ID: daarr51r2ntbr5jcv2srxlu602vs5fdqxs2q8cmc11
2025/11/12 16:39:46 INFO mlflow.projects: === Run (ID '470f261552934d65bdd8c1f1e7bbd0bc') succeeded ===
=======================
2025/11/12 16:39:47 INFO mlflow.projects.utils: === Created directory /tmp/tmpygtjf2yw for downloading remote URIs passed to arguments of type 'path' ===
2025/11/12 16:39:47 INFO mlflow.projects.backend.local: === Running command 'python run.py --project_name=frozen_lake_experiment --parent_run_id=last --preprocessor=quantum_phase_flip:0.02 --prism_dir=../prism_files --prism_file_path=frozen_lake.prism --constant_definitions=start_position=0,control=0.99 --prop='P=? [ F "at_frisbee" ]' --interpreter='' --prob_threshold=0 --task rl_model_checking --disabled_features '' --seed -1 --training_threshold -1000000000000 --num_episodes 1000 --eval_interval 9 --sliding_window_size 100 --reward_flag 0 --max_steps 100 --wrong_action_penalty 1000 --deploy 0 --postprocessor '' --range_plotting 1 --rl_algorithm dqn_agent --alpha 0.99 --noise_scale 0.01 --layers 2 --neurons 64 --replay_buffer_size 300000 --epsilon 1 --epsilon_dec 0.9999 --epsilon_min 0.1 --gamma 0.99 --replace 304 --lr 0.0001 --batch_size 32' in run with ID '5550c949d818403ea0254d09f51e69ee' === 
Write to file test.drn.
Write to file test.drn.
Loaded last run 9c6d855c63ce418ba3e3c001f3ebfdb6 from project frozen_lake_experiment
Copying run...
Copied run to ../mlruns/946964409166557318/m3ooocqdhk1j3kuzwdprq27qm96q2z3p3rebj2bcxe
We use the following command line arguments:
{'task': 'rl_model_checking', 'project_name': 'frozen_lake_experiment', 'parent_run_id': '9c6d855c63ce418ba3e3c001f3ebfdb6', 'prism_dir': '../prism_files', 'prism_file_path': 'frozen_lake.prism', 'constant_definitions': 'start_position=0,control=0.99', 'disabled_features': '', 'seed': -1, 'training_threshold': -1000000000000.0, 'num_episodes': 1000, 'eval_interval': 9, 'sliding_window_size': 100, 'reward_flag': True, 'max_steps': 500, 'wrong_action_penalty': 1000, 'deploy': 0, 'preprocessor': 'quantum_phase_flip:0.02', 'postprocessor': '', 'interpreter': '', 'prop': 'P=? [ F "at_frisbee" ]', 'range_plotting': 1, 'rl_algorithm': 'qreinforce', 'alpha': 0.99, 'noise_scale': 0.01, 'layers': 2, 'neurons': 64, 'replay_buffer_size': 300000, 'epsilon': 1.0, 'epsilon_dec': 0.9999, 'epsilon_min': 0.1, 'gamma': 0.99, 'replace': 304, 'lr': 0.0001, 'prob_threshold': 0.0, 'batch_size': 32}
/workspaces/coolmc/mlruns/946964409166557318/m3ooocqdhk1j3kuzwdprq27qm96q2z3p3rebj2bcxe/artifacts/model
Loaded Quantum REINFORCE model from /workspaces/coolmc/mlruns/946964409166557318/m3ooocqdhk1j3kuzwdprq27qm96q2z3p3rebj2bcxe/artifacts/model/quantum_reinforce.pth
Agent loaded.
Quantum Phase Flip: p=0.02
Preprocessors quantum_phase_flip:0.02
Configured quantum agent with gate-level phase flip noise (p=0.02 per gate)
  Device: default.mixed (density matrix simulation)
  Effect: Applies Pauli-Z with probability p (phase flip: |+⟩ ↔ |−⟩)
P=? [ F "at_frisbee" ]:	0.02748384196231265
Model Size:		17
Number of Transitions:	48
Model Building Time:	23.882479429244995
Model Checking Time:	0.00043892860412597656
Constant definitions:	start_position=0,control=0.99
Run ID: m3ooocqdhk1j3kuzwdprq27qm96q2z3p3rebj2bcxe
2025/11/12 16:40:14 INFO mlflow.projects: === Run (ID '5550c949d818403ea0254d09f51e69ee') succeeded ===
=======================
2025/11/12 16:40:16 INFO mlflow.projects.utils: === Created directory /tmp/tmp6bl9e7mc for downloading remote URIs passed to arguments of type 'path' ===
2025/11/12 16:40:16 INFO mlflow.projects.backend.local: === Running command 'python run.py --project_name=frozen_lake_experiment --parent_run_id=last --preprocessor=quantum_phase_flip:0.03 --prism_dir=../prism_files --prism_file_path=frozen_lake.prism --constant_definitions=start_position=0,control=0.99 --prop='P=? [ F "at_frisbee" ]' --interpreter='' --prob_threshold=0 --task rl_model_checking --disabled_features '' --seed -1 --training_threshold -1000000000000 --num_episodes 1000 --eval_interval 9 --sliding_window_size 100 --reward_flag 0 --max_steps 100 --wrong_action_penalty 1000 --deploy 0 --postprocessor '' --range_plotting 1 --rl_algorithm dqn_agent --alpha 0.99 --noise_scale 0.01 --layers 2 --neurons 64 --replay_buffer_size 300000 --epsilon 1 --epsilon_dec 0.9999 --epsilon_min 0.1 --gamma 0.99 --replace 304 --lr 0.0001 --batch_size 32' in run with ID 'af3e0c99618f4bfe934203a5f43b5da4' === 
Write to file test.drn.
Write to file test.drn.
Loaded last run 9c6d855c63ce418ba3e3c001f3ebfdb6 from project frozen_lake_experiment
Copying run...
Copied run to ../mlruns/946964409166557318/67rjoavpmt091whdw3xqao49yc2ciexem2rotit4lw
We use the following command line arguments:
{'task': 'rl_model_checking', 'project_name': 'frozen_lake_experiment', 'parent_run_id': '9c6d855c63ce418ba3e3c001f3ebfdb6', 'prism_dir': '../prism_files', 'prism_file_path': 'frozen_lake.prism', 'constant_definitions': 'start_position=0,control=0.99', 'disabled_features': '', 'seed': -1, 'training_threshold': -1000000000000.0, 'num_episodes': 1000, 'eval_interval': 9, 'sliding_window_size': 100, 'reward_flag': True, 'max_steps': 500, 'wrong_action_penalty': 1000, 'deploy': 0, 'preprocessor': 'quantum_phase_flip:0.03', 'postprocessor': '', 'interpreter': '', 'prop': 'P=? [ F "at_frisbee" ]', 'range_plotting': 1, 'rl_algorithm': 'qreinforce', 'alpha': 0.99, 'noise_scale': 0.01, 'layers': 2, 'neurons': 64, 'replay_buffer_size': 300000, 'epsilon': 1.0, 'epsilon_dec': 0.9999, 'epsilon_min': 0.1, 'gamma': 0.99, 'replace': 304, 'lr': 0.0001, 'prob_threshold': 0.0, 'batch_size': 32}
/workspaces/coolmc/mlruns/946964409166557318/67rjoavpmt091whdw3xqao49yc2ciexem2rotit4lw/artifacts/model
Loaded Quantum REINFORCE model from /workspaces/coolmc/mlruns/946964409166557318/67rjoavpmt091whdw3xqao49yc2ciexem2rotit4lw/artifacts/model/quantum_reinforce.pth
Agent loaded.
Quantum Phase Flip: p=0.03
Preprocessors quantum_phase_flip:0.03
Configured quantum agent with gate-level phase flip noise (p=0.03 per gate)
  Device: default.mixed (density matrix simulation)
  Effect: Applies Pauli-Z with probability p (phase flip: |+⟩ ↔ |−⟩)
P=? [ F "at_frisbee" ]:	0.027482582828083645
Model Size:		17
Number of Transitions:	48
Model Building Time:	22.01688289642334
Model Checking Time:	0.0007827281951904297
Constant definitions:	start_position=0,control=0.99
Run ID: 67rjoavpmt091whdw3xqao49yc2ciexem2rotit4lw
2025/11/12 16:40:41 INFO mlflow.projects: === Run (ID 'af3e0c99618f4bfe934203a5f43b5da4') succeeded ===
=======================
2025/11/12 16:40:43 INFO mlflow.projects.utils: === Created directory /tmp/tmph3fd9wsm for downloading remote URIs passed to arguments of type 'path' ===
2025/11/12 16:40:43 INFO mlflow.projects.backend.local: === Running command 'python run.py --project_name=frozen_lake_experiment --parent_run_id=last --preprocessor=quantum_phase_flip:0.04 --prism_dir=../prism_files --prism_file_path=frozen_lake.prism --constant_definitions=start_position=0,control=0.99 --prop='P=? [ F "at_frisbee" ]' --interpreter='' --prob_threshold=0 --task rl_model_checking --disabled_features '' --seed -1 --training_threshold -1000000000000 --num_episodes 1000 --eval_interval 9 --sliding_window_size 100 --reward_flag 0 --max_steps 100 --wrong_action_penalty 1000 --deploy 0 --postprocessor '' --range_plotting 1 --rl_algorithm dqn_agent --alpha 0.99 --noise_scale 0.01 --layers 2 --neurons 64 --replay_buffer_size 300000 --epsilon 1 --epsilon_dec 0.9999 --epsilon_min 0.1 --gamma 0.99 --replace 304 --lr 0.0001 --batch_size 32' in run with ID 'e47f1c7ba4b84c448245074500f8a62f' === 
Write to file test.drn.
Write to file test.drn.
Loaded last run 9c6d855c63ce418ba3e3c001f3ebfdb6 from project frozen_lake_experiment
Copying run...
Copied run to ../mlruns/946964409166557318/8a54vq8mnmsq7i57ym9ss201ies1tu1pfk3nr9rbzv
We use the following command line arguments:
{'task': 'rl_model_checking', 'project_name': 'frozen_lake_experiment', 'parent_run_id': '9c6d855c63ce418ba3e3c001f3ebfdb6', 'prism_dir': '../prism_files', 'prism_file_path': 'frozen_lake.prism', 'constant_definitions': 'start_position=0,control=0.99', 'disabled_features': '', 'seed': -1, 'training_threshold': -1000000000000.0, 'num_episodes': 1000, 'eval_interval': 9, 'sliding_window_size': 100, 'reward_flag': True, 'max_steps': 500, 'wrong_action_penalty': 1000, 'deploy': 0, 'preprocessor': 'quantum_phase_flip:0.04', 'postprocessor': '', 'interpreter': '', 'prop': 'P=? [ F "at_frisbee" ]', 'range_plotting': 1, 'rl_algorithm': 'qreinforce', 'alpha': 0.99, 'noise_scale': 0.01, 'layers': 2, 'neurons': 64, 'replay_buffer_size': 300000, 'epsilon': 1.0, 'epsilon_dec': 0.9999, 'epsilon_min': 0.1, 'gamma': 0.99, 'replace': 304, 'lr': 0.0001, 'prob_threshold': 0.0, 'batch_size': 32}
/workspaces/coolmc/mlruns/946964409166557318/8a54vq8mnmsq7i57ym9ss201ies1tu1pfk3nr9rbzv/artifacts/model
Loaded Quantum REINFORCE model from /workspaces/coolmc/mlruns/946964409166557318/8a54vq8mnmsq7i57ym9ss201ies1tu1pfk3nr9rbzv/artifacts/model/quantum_reinforce.pth
Agent loaded.
Quantum Phase Flip: p=0.04
Preprocessors quantum_phase_flip:0.04
Configured quantum agent with gate-level phase flip noise (p=0.04 per gate)
  Device: default.mixed (density matrix simulation)
  Effect: Applies Pauli-Z with probability p (phase flip: |+⟩ ↔ |−⟩)
P=? [ F "at_frisbee" ]:	0.02748145576830681
Model Size:		17
Number of Transitions:	48
Model Building Time:	20.58323311805725
Model Checking Time:	0.0004246234893798828
Constant definitions:	start_position=0,control=0.99
Run ID: 8a54vq8mnmsq7i57ym9ss201ies1tu1pfk3nr9rbzv
2025/11/12 16:41:07 INFO mlflow.projects: === Run (ID 'e47f1c7ba4b84c448245074500f8a62f') succeeded ===
=======================
2025/11/12 16:41:08 INFO mlflow.projects.utils: === Created directory /tmp/tmp072jm_5i for downloading remote URIs passed to arguments of type 'path' ===
2025/11/12 16:41:08 INFO mlflow.projects.backend.local: === Running command 'python run.py --project_name=frozen_lake_experiment --parent_run_id=last --preprocessor=quantum_phase_flip:0.05 --prism_dir=../prism_files --prism_file_path=frozen_lake.prism --constant_definitions=start_position=0,control=0.99 --prop='P=? [ F "at_frisbee" ]' --interpreter='' --prob_threshold=0 --task rl_model_checking --disabled_features '' --seed -1 --training_threshold -1000000000000 --num_episodes 1000 --eval_interval 9 --sliding_window_size 100 --reward_flag 0 --max_steps 100 --wrong_action_penalty 1000 --deploy 0 --postprocessor '' --range_plotting 1 --rl_algorithm dqn_agent --alpha 0.99 --noise_scale 0.01 --layers 2 --neurons 64 --replay_buffer_size 300000 --epsilon 1 --epsilon_dec 0.9999 --epsilon_min 0.1 --gamma 0.99 --replace 304 --lr 0.0001 --batch_size 32' in run with ID 'f1ba90f9e1d44268a9d48047ba5d5e7b' === 
Write to file test.drn.
Write to file test.drn.
Loaded last run 9c6d855c63ce418ba3e3c001f3ebfdb6 from project frozen_lake_experiment
Copying run...
Copied run to ../mlruns/946964409166557318/9xxlgtnybciaw6kfl9krft199fqvvqzbll1ri7zbyj
We use the following command line arguments:
{'task': 'rl_model_checking', 'project_name': 'frozen_lake_experiment', 'parent_run_id': '9c6d855c63ce418ba3e3c001f3ebfdb6', 'prism_dir': '../prism_files', 'prism_file_path': 'frozen_lake.prism', 'constant_definitions': 'start_position=0,control=0.99', 'disabled_features': '', 'seed': -1, 'training_threshold': -1000000000000.0, 'num_episodes': 1000, 'eval_interval': 9, 'sliding_window_size': 100, 'reward_flag': True, 'max_steps': 500, 'wrong_action_penalty': 1000, 'deploy': 0, 'preprocessor': 'quantum_phase_flip:0.05', 'postprocessor': '', 'interpreter': '', 'prop': 'P=? [ F "at_frisbee" ]', 'range_plotting': 1, 'rl_algorithm': 'qreinforce', 'alpha': 0.99, 'noise_scale': 0.01, 'layers': 2, 'neurons': 64, 'replay_buffer_size': 300000, 'epsilon': 1.0, 'epsilon_dec': 0.9999, 'epsilon_min': 0.1, 'gamma': 0.99, 'replace': 304, 'lr': 0.0001, 'prob_threshold': 0.0, 'batch_size': 32}
/workspaces/coolmc/mlruns/946964409166557318/9xxlgtnybciaw6kfl9krft199fqvvqzbll1ri7zbyj/artifacts/model
Loaded Quantum REINFORCE model from /workspaces/coolmc/mlruns/946964409166557318/9xxlgtnybciaw6kfl9krft199fqvvqzbll1ri7zbyj/artifacts/model/quantum_reinforce.pth
Agent loaded.
Quantum Phase Flip: p=0.05
Preprocessors quantum_phase_flip:0.05
Configured quantum agent with gate-level phase flip noise (p=0.05 per gate)
  Device: default.mixed (density matrix simulation)
  Effect: Applies Pauli-Z with probability p (phase flip: |+⟩ ↔ |−⟩)
P=? [ F "at_frisbee" ]:	0.02748047305488659
Model Size:		17
Number of Transitions:	48
Model Building Time:	21.981414556503296
Model Checking Time:	0.0009989738464355469
Constant definitions:	start_position=0,control=0.99
Run ID: 9xxlgtnybciaw6kfl9krft199fqvvqzbll1ri7zbyj
2025/11/12 16:41:33 INFO mlflow.projects: === Run (ID 'f1ba90f9e1d44268a9d48047ba5d5e7b') succeeded ===
=======================
2025/11/12 16:41:35 INFO mlflow.projects.utils: === Created directory /tmp/tmp21g1y5ii for downloading remote URIs passed to arguments of type 'path' ===
2025/11/12 16:41:35 INFO mlflow.projects.backend.local: === Running command 'python run.py --project_name=frozen_lake_experiment --parent_run_id=last --preprocessor=quantum_phase_flip:0.06 --prism_dir=../prism_files --prism_file_path=frozen_lake.prism --constant_definitions=start_position=0,control=0.99 --prop='P=? [ F "at_frisbee" ]' --interpreter='' --prob_threshold=0 --task rl_model_checking --disabled_features '' --seed -1 --training_threshold -1000000000000 --num_episodes 1000 --eval_interval 9 --sliding_window_size 100 --reward_flag 0 --max_steps 100 --wrong_action_penalty 1000 --deploy 0 --postprocessor '' --range_plotting 1 --rl_algorithm dqn_agent --alpha 0.99 --noise_scale 0.01 --layers 2 --neurons 64 --replay_buffer_size 300000 --epsilon 1 --epsilon_dec 0.9999 --epsilon_min 0.1 --gamma 0.99 --replace 304 --lr 0.0001 --batch_size 32' in run with ID '38b4289731ae4753b523295000b0e1e6' === 
Write to file test.drn.
Write to file test.drn.
Loaded last run 9c6d855c63ce418ba3e3c001f3ebfdb6 from project frozen_lake_experiment
Copying run...
Copied run to ../mlruns/946964409166557318/veqwfivbtahiaklh5kuip145x70vdm90gi84pflt94
We use the following command line arguments:
{'task': 'rl_model_checking', 'project_name': 'frozen_lake_experiment', 'parent_run_id': '9c6d855c63ce418ba3e3c001f3ebfdb6', 'prism_dir': '../prism_files', 'prism_file_path': 'frozen_lake.prism', 'constant_definitions': 'start_position=0,control=0.99', 'disabled_features': '', 'seed': -1, 'training_threshold': -1000000000000.0, 'num_episodes': 1000, 'eval_interval': 9, 'sliding_window_size': 100, 'reward_flag': True, 'max_steps': 500, 'wrong_action_penalty': 1000, 'deploy': 0, 'preprocessor': 'quantum_phase_flip:0.06', 'postprocessor': '', 'interpreter': '', 'prop': 'P=? [ F "at_frisbee" ]', 'range_plotting': 1, 'rl_algorithm': 'qreinforce', 'alpha': 0.99, 'noise_scale': 0.01, 'layers': 2, 'neurons': 64, 'replay_buffer_size': 300000, 'epsilon': 1.0, 'epsilon_dec': 0.9999, 'epsilon_min': 0.1, 'gamma': 0.99, 'replace': 304, 'lr': 0.0001, 'prob_threshold': 0.0, 'batch_size': 32}
/workspaces/coolmc/mlruns/946964409166557318/veqwfivbtahiaklh5kuip145x70vdm90gi84pflt94/artifacts/model
Loaded Quantum REINFORCE model from /workspaces/coolmc/mlruns/946964409166557318/veqwfivbtahiaklh5kuip145x70vdm90gi84pflt94/artifacts/model/quantum_reinforce.pth
Agent loaded.
Quantum Phase Flip: p=0.06
Preprocessors quantum_phase_flip:0.06
Configured quantum agent with gate-level phase flip noise (p=0.06 per gate)
  Device: default.mixed (density matrix simulation)
  Effect: Applies Pauli-Z with probability p (phase flip: |+⟩ ↔ |−⟩)
P=? [ F "at_frisbee" ]:	0.027479598121730977
Model Size:		17
Number of Transitions:	48
Model Building Time:	20.611507892608643
Model Checking Time:	0.00039577484130859375
Constant definitions:	start_position=0,control=0.99
Run ID: veqwfivbtahiaklh5kuip145x70vdm90gi84pflt94
2025/11/12 16:41:59 INFO mlflow.projects: === Run (ID '38b4289731ae4753b523295000b0e1e6') succeeded ===
=======================
2025/11/12 16:42:00 INFO mlflow.projects.utils: === Created directory /tmp/tmpfb5a0hyw for downloading remote URIs passed to arguments of type 'path' ===
2025/11/12 16:42:00 INFO mlflow.projects.backend.local: === Running command 'python run.py --project_name=frozen_lake_experiment --parent_run_id=last --preprocessor=quantum_phase_flip:0.07 --prism_dir=../prism_files --prism_file_path=frozen_lake.prism --constant_definitions=start_position=0,control=0.99 --prop='P=? [ F "at_frisbee" ]' --interpreter='' --prob_threshold=0 --task rl_model_checking --disabled_features '' --seed -1 --training_threshold -1000000000000 --num_episodes 1000 --eval_interval 9 --sliding_window_size 100 --reward_flag 0 --max_steps 100 --wrong_action_penalty 1000 --deploy 0 --postprocessor '' --range_plotting 1 --rl_algorithm dqn_agent --alpha 0.99 --noise_scale 0.01 --layers 2 --neurons 64 --replay_buffer_size 300000 --epsilon 1 --epsilon_dec 0.9999 --epsilon_min 0.1 --gamma 0.99 --replace 304 --lr 0.0001 --batch_size 32' in run with ID '626e53152a21485b8ac8d462d127a824' === 
Write to file test.drn.
Write to file test.drn.
Loaded last run 9c6d855c63ce418ba3e3c001f3ebfdb6 from project frozen_lake_experiment
Copying run...
Copied run to ../mlruns/946964409166557318/eajuwzxe0vmqvwxo8g5jihpcs7w7ejm32vhy27pah9
We use the following command line arguments:
{'task': 'rl_model_checking', 'project_name': 'frozen_lake_experiment', 'parent_run_id': '9c6d855c63ce418ba3e3c001f3ebfdb6', 'prism_dir': '../prism_files', 'prism_file_path': 'frozen_lake.prism', 'constant_definitions': 'start_position=0,control=0.99', 'disabled_features': '', 'seed': -1, 'training_threshold': -1000000000000.0, 'num_episodes': 1000, 'eval_interval': 9, 'sliding_window_size': 100, 'reward_flag': True, 'max_steps': 500, 'wrong_action_penalty': 1000, 'deploy': 0, 'preprocessor': 'quantum_phase_flip:0.07', 'postprocessor': '', 'interpreter': '', 'prop': 'P=? [ F "at_frisbee" ]', 'range_plotting': 1, 'rl_algorithm': 'qreinforce', 'alpha': 0.99, 'noise_scale': 0.01, 'layers': 2, 'neurons': 64, 'replay_buffer_size': 300000, 'epsilon': 1.0, 'epsilon_dec': 0.9999, 'epsilon_min': 0.1, 'gamma': 0.99, 'replace': 304, 'lr': 0.0001, 'prob_threshold': 0.0, 'batch_size': 32}
/workspaces/coolmc/mlruns/946964409166557318/eajuwzxe0vmqvwxo8g5jihpcs7w7ejm32vhy27pah9/artifacts/model
Loaded Quantum REINFORCE model from /workspaces/coolmc/mlruns/946964409166557318/eajuwzxe0vmqvwxo8g5jihpcs7w7ejm32vhy27pah9/artifacts/model/quantum_reinforce.pth
Agent loaded.
Quantum Phase Flip: p=0.07
Preprocessors quantum_phase_flip:0.07
Configured quantum agent with gate-level phase flip noise (p=0.07 per gate)
  Device: default.mixed (density matrix simulation)
  Effect: Applies Pauli-Z with probability p (phase flip: |+⟩ ↔ |−⟩)
P=? [ F "at_frisbee" ]:	0.02747881645380372
Model Size:		17
Number of Transitions:	48
Model Building Time:	21.382848501205444
Model Checking Time:	0.0003886222839355469
Constant definitions:	start_position=0,control=0.99
Run ID: eajuwzxe0vmqvwxo8g5jihpcs7w7ejm32vhy27pah9
2025/11/12 16:42:24 INFO mlflow.projects: === Run (ID '626e53152a21485b8ac8d462d127a824') succeeded ===
=======================
2025/11/12 16:42:25 INFO mlflow.projects.utils: === Created directory /tmp/tmpkiujwy01 for downloading remote URIs passed to arguments of type 'path' ===
2025/11/12 16:42:25 INFO mlflow.projects.backend.local: === Running command 'python run.py --project_name=frozen_lake_experiment --parent_run_id=last --preprocessor=quantum_phase_flip:0.08 --prism_dir=../prism_files --prism_file_path=frozen_lake.prism --constant_definitions=start_position=0,control=0.99 --prop='P=? [ F "at_frisbee" ]' --interpreter='' --prob_threshold=0 --task rl_model_checking --disabled_features '' --seed -1 --training_threshold -1000000000000 --num_episodes 1000 --eval_interval 9 --sliding_window_size 100 --reward_flag 0 --max_steps 100 --wrong_action_penalty 1000 --deploy 0 --postprocessor '' --range_plotting 1 --rl_algorithm dqn_agent --alpha 0.99 --noise_scale 0.01 --layers 2 --neurons 64 --replay_buffer_size 300000 --epsilon 1 --epsilon_dec 0.9999 --epsilon_min 0.1 --gamma 0.99 --replace 304 --lr 0.0001 --batch_size 32' in run with ID 'cd7b3bcd858e4e4f8e7ce76485780d49' === 
Write to file test.drn.
Write to file test.drn.
Loaded last run 9c6d855c63ce418ba3e3c001f3ebfdb6 from project frozen_lake_experiment
Copying run...
Copied run to ../mlruns/946964409166557318/3ucvf0z0g85oi77ap44dksu2pneyhnt38d7h9fdxpg
We use the following command line arguments:
{'task': 'rl_model_checking', 'project_name': 'frozen_lake_experiment', 'parent_run_id': '9c6d855c63ce418ba3e3c001f3ebfdb6', 'prism_dir': '../prism_files', 'prism_file_path': 'frozen_lake.prism', 'constant_definitions': 'start_position=0,control=0.99', 'disabled_features': '', 'seed': -1, 'training_threshold': -1000000000000.0, 'num_episodes': 1000, 'eval_interval': 9, 'sliding_window_size': 100, 'reward_flag': True, 'max_steps': 500, 'wrong_action_penalty': 1000, 'deploy': 0, 'preprocessor': 'quantum_phase_flip:0.08', 'postprocessor': '', 'interpreter': '', 'prop': 'P=? [ F "at_frisbee" ]', 'range_plotting': 1, 'rl_algorithm': 'qreinforce', 'alpha': 0.99, 'noise_scale': 0.01, 'layers': 2, 'neurons': 64, 'replay_buffer_size': 300000, 'epsilon': 1.0, 'epsilon_dec': 0.9999, 'epsilon_min': 0.1, 'gamma': 0.99, 'replace': 304, 'lr': 0.0001, 'prob_threshold': 0.0, 'batch_size': 32}
/workspaces/coolmc/mlruns/946964409166557318/3ucvf0z0g85oi77ap44dksu2pneyhnt38d7h9fdxpg/artifacts/model
Loaded Quantum REINFORCE model from /workspaces/coolmc/mlruns/946964409166557318/3ucvf0z0g85oi77ap44dksu2pneyhnt38d7h9fdxpg/artifacts/model/quantum_reinforce.pth
Agent loaded.
Quantum Phase Flip: p=0.08
Preprocessors quantum_phase_flip:0.08
Configured quantum agent with gate-level phase flip noise (p=0.08 per gate)
  Device: default.mixed (density matrix simulation)
  Effect: Applies Pauli-Z with probability p (phase flip: |+⟩ ↔ |−⟩)
P=? [ F "at_frisbee" ]:	0.02747812067514342
Model Size:		17
Number of Transitions:	48
Model Building Time:	21.12076234817505
Model Checking Time:	0.0004401206970214844
Constant definitions:	start_position=0,control=0.99
Run ID: 3ucvf0z0g85oi77ap44dksu2pneyhnt38d7h9fdxpg
2025/11/12 16:42:49 INFO mlflow.projects: === Run (ID 'cd7b3bcd858e4e4f8e7ce76485780d49') succeeded ===
=======================
2025/11/12 16:42:50 INFO mlflow.projects.utils: === Created directory /tmp/tmpqkthosso for downloading remote URIs passed to arguments of type 'path' ===
2025/11/12 16:42:50 INFO mlflow.projects.backend.local: === Running command 'python run.py --project_name=frozen_lake_experiment --parent_run_id=last --preprocessor=quantum_phase_flip:0.09 --prism_dir=../prism_files --prism_file_path=frozen_lake.prism --constant_definitions=start_position=0,control=0.99 --prop='P=? [ F "at_frisbee" ]' --interpreter='' --prob_threshold=0 --task rl_model_checking --disabled_features '' --seed -1 --training_threshold -1000000000000 --num_episodes 1000 --eval_interval 9 --sliding_window_size 100 --reward_flag 0 --max_steps 100 --wrong_action_penalty 1000 --deploy 0 --postprocessor '' --range_plotting 1 --rl_algorithm dqn_agent --alpha 0.99 --noise_scale 0.01 --layers 2 --neurons 64 --replay_buffer_size 300000 --epsilon 1 --epsilon_dec 0.9999 --epsilon_min 0.1 --gamma 0.99 --replace 304 --lr 0.0001 --batch_size 32' in run with ID '54d4d695f6a04c09ae4c847d84d26616' === 
Write to file test.drn.
Write to file test.drn.
Loaded last run 9c6d855c63ce418ba3e3c001f3ebfdb6 from project frozen_lake_experiment
Copying run...
Copied run to ../mlruns/946964409166557318/ok3r88zqze04k6llttqmpl49eo0787lc62isjgdzkv
We use the following command line arguments:
{'task': 'rl_model_checking', 'project_name': 'frozen_lake_experiment', 'parent_run_id': '9c6d855c63ce418ba3e3c001f3ebfdb6', 'prism_dir': '../prism_files', 'prism_file_path': 'frozen_lake.prism', 'constant_definitions': 'start_position=0,control=0.99', 'disabled_features': '', 'seed': -1, 'training_threshold': -1000000000000.0, 'num_episodes': 1000, 'eval_interval': 9, 'sliding_window_size': 100, 'reward_flag': True, 'max_steps': 500, 'wrong_action_penalty': 1000, 'deploy': 0, 'preprocessor': 'quantum_phase_flip:0.09', 'postprocessor': '', 'interpreter': '', 'prop': 'P=? [ F "at_frisbee" ]', 'range_plotting': 1, 'rl_algorithm': 'qreinforce', 'alpha': 0.99, 'noise_scale': 0.01, 'layers': 2, 'neurons': 64, 'replay_buffer_size': 300000, 'epsilon': 1.0, 'epsilon_dec': 0.9999, 'epsilon_min': 0.1, 'gamma': 0.99, 'replace': 304, 'lr': 0.0001, 'prob_threshold': 0.0, 'batch_size': 32}
/workspaces/coolmc/mlruns/946964409166557318/ok3r88zqze04k6llttqmpl49eo0787lc62isjgdzkv/artifacts/model
Loaded Quantum REINFORCE model from /workspaces/coolmc/mlruns/946964409166557318/ok3r88zqze04k6llttqmpl49eo0787lc62isjgdzkv/artifacts/model/quantum_reinforce.pth
Agent loaded.
Quantum Phase Flip: p=0.09
Preprocessors quantum_phase_flip:0.09
Configured quantum agent with gate-level phase flip noise (p=0.09 per gate)
  Device: default.mixed (density matrix simulation)
  Effect: Applies Pauli-Z with probability p (phase flip: |+⟩ ↔ |−⟩)
P=? [ F "at_frisbee" ]:	0.027477521456059646
Model Size:		17
Number of Transitions:	48
Model Building Time:	19.16672444343567
Model Checking Time:	0.00038313865661621094
Constant definitions:	start_position=0,control=0.99
Run ID: ok3r88zqze04k6llttqmpl49eo0787lc62isjgdzkv
2025/11/12 16:43:12 INFO mlflow.projects: === Run (ID '54d4d695f6a04c09ae4c847d84d26616') succeeded ===
=======================
2025/11/12 16:43:13 INFO mlflow.projects.utils: === Created directory /tmp/tmpvrmcs67y for downloading remote URIs passed to arguments of type 'path' ===
2025/11/12 16:43:13 INFO mlflow.projects.backend.local: === Running command 'python run.py --project_name=frozen_lake_experiment --parent_run_id=last --preprocessor=quantum_phase_flip:0.1 --prism_dir=../prism_files --prism_file_path=frozen_lake.prism --constant_definitions=start_position=0,control=0.99 --prop='P=? [ F "at_frisbee" ]' --interpreter='' --prob_threshold=0 --task rl_model_checking --disabled_features '' --seed -1 --training_threshold -1000000000000 --num_episodes 1000 --eval_interval 9 --sliding_window_size 100 --reward_flag 0 --max_steps 100 --wrong_action_penalty 1000 --deploy 0 --postprocessor '' --range_plotting 1 --rl_algorithm dqn_agent --alpha 0.99 --noise_scale 0.01 --layers 2 --neurons 64 --replay_buffer_size 300000 --epsilon 1 --epsilon_dec 0.9999 --epsilon_min 0.1 --gamma 0.99 --replace 304 --lr 0.0001 --batch_size 32' in run with ID 'd0c3b839afe34c238a09eff9c75f6b07' === 
Write to file test.drn.
Write to file test.drn.
Loaded last run 9c6d855c63ce418ba3e3c001f3ebfdb6 from project frozen_lake_experiment
Copying run...
Copied run to ../mlruns/946964409166557318/w2h90zawcstv5fbgcebxz9nr17gkbtjxxqvovhsvus
We use the following command line arguments:
{'task': 'rl_model_checking', 'project_name': 'frozen_lake_experiment', 'parent_run_id': '9c6d855c63ce418ba3e3c001f3ebfdb6', 'prism_dir': '../prism_files', 'prism_file_path': 'frozen_lake.prism', 'constant_definitions': 'start_position=0,control=0.99', 'disabled_features': '', 'seed': -1, 'training_threshold': -1000000000000.0, 'num_episodes': 1000, 'eval_interval': 9, 'sliding_window_size': 100, 'reward_flag': True, 'max_steps': 500, 'wrong_action_penalty': 1000, 'deploy': 0, 'preprocessor': 'quantum_phase_flip:0.1', 'postprocessor': '', 'interpreter': '', 'prop': 'P=? [ F "at_frisbee" ]', 'range_plotting': 1, 'rl_algorithm': 'qreinforce', 'alpha': 0.99, 'noise_scale': 0.01, 'layers': 2, 'neurons': 64, 'replay_buffer_size': 300000, 'epsilon': 1.0, 'epsilon_dec': 0.9999, 'epsilon_min': 0.1, 'gamma': 0.99, 'replace': 304, 'lr': 0.0001, 'prob_threshold': 0.0, 'batch_size': 32}
/workspaces/coolmc/mlruns/946964409166557318/w2h90zawcstv5fbgcebxz9nr17gkbtjxxqvovhsvus/artifacts/model
Loaded Quantum REINFORCE model from /workspaces/coolmc/mlruns/946964409166557318/w2h90zawcstv5fbgcebxz9nr17gkbtjxxqvovhsvus/artifacts/model/quantum_reinforce.pth
Agent loaded.
Quantum Phase Flip: p=0.1
Preprocessors quantum_phase_flip:0.1
Configured quantum agent with gate-level phase flip noise (p=0.1 per gate)
  Device: default.mixed (density matrix simulation)
  Effect: Applies Pauli-Z with probability p (phase flip: |+⟩ ↔ |−⟩)
P=? [ F "at_frisbee" ]:	0.027477005129599674
Model Size:		17
Number of Transitions:	48
Model Building Time:	21.20311951637268
Model Checking Time:	0.0005075931549072266
Constant definitions:	start_position=0,control=0.99
Run ID: w2h90zawcstv5fbgcebxz9nr17gkbtjxxqvovhsvus
2025/11/12 16:43:37 INFO mlflow.projects: === Run (ID 'd0c3b839afe34c238a09eff9c75f6b07') succeeded ===
=======================
