2025/11/12 17:29:41 INFO mlflow.projects.utils: === Created directory /tmp/tmpdy6dpwvx for downloading remote URIs passed to arguments of type 'path' ===
2025/11/12 17:29:41 INFO mlflow.projects.backend.local: === Running command 'python run.py --project_name=ski_experiments --parent_run_id=last --preprocessor=quantum_phase_flip:0.01 --prism_dir=../prism_files --prism_file_path=ski2.prism --constant_definitions='' --prop='P=? [ F "goal" ]' --interpreter='' --prob_threshold=0 --task rl_model_checking --disabled_features '' --seed -1 --training_threshold -1000000000000 --num_episodes 1000 --eval_interval 9 --sliding_window_size 100 --reward_flag 0 --max_steps 100 --wrong_action_penalty 1000 --deploy 0 --postprocessor '' --range_plotting 1 --rl_algorithm dqn_agent --alpha 0.99 --noise_scale 0.01 --layers 2 --neurons 64 --replay_buffer_size 300000 --epsilon 1 --epsilon_dec 0.9999 --epsilon_min 0.1 --gamma 0.99 --replace 304 --lr 0.0001 --batch_size 32' in run with ID '586f5c9de3ae41ee95035dc96d22f2fb' === 
Write to file test.drn.
Write to file test.drn.
Loaded last run a67c08f057614750ae1d6f64ca8444e7 from project ski_experiments
Copying run...
Copied run to ../mlruns/883524926124897103/ibqlwps060b8s628s3i283bwczrf0ghzbwol5d6umw
We use the following command line arguments:
{'task': 'rl_model_checking', 'project_name': 'ski_experiments', 'parent_run_id': 'a67c08f057614750ae1d6f64ca8444e7', 'prism_dir': '../prism_files', 'prism_file_path': 'ski2.prism', 'constant_definitions': '', 'disabled_features': '', 'seed': -1, 'training_threshold': -1000000000000.0, 'num_episodes': 1000, 'eval_interval': 9, 'sliding_window_size': 100, 'reward_flag': True, 'max_steps': 100, 'wrong_action_penalty': 1000, 'deploy': 0, 'preprocessor': 'quantum_phase_flip:0.01', 'postprocessor': '', 'interpreter': '', 'prop': 'P=? [ F "goal" ]', 'range_plotting': 1, 'rl_algorithm': 'qreinforce', 'alpha': 0.99, 'noise_scale': 0.01, 'layers': 2, 'neurons': 64, 'replay_buffer_size': 300000, 'epsilon': 1.0, 'epsilon_dec': 0.9999, 'epsilon_min': 0.1, 'gamma': 0.99, 'replace': 304, 'lr': 0.01, 'prob_threshold': 0.0, 'batch_size': 32}
/workspaces/coolmc/mlruns/883524926124897103/ibqlwps060b8s628s3i283bwczrf0ghzbwol5d6umw/artifacts/model
Loaded Quantum REINFORCE model from /workspaces/coolmc/mlruns/883524926124897103/ibqlwps060b8s628s3i283bwczrf0ghzbwol5d6umw/artifacts/model/quantum_reinforce.pth
Agent loaded.
Quantum Phase Flip: p=0.01
Preprocessors quantum_phase_flip:0.01
Configured quantum agent with gate-level phase flip noise (p=0.01 per gate)
  Device: default.mixed (density matrix simulation)
  Effect: Applies Pauli-Z with probability p (phase flip: |+⟩ ↔ |−⟩)
P=? [ F "goal" ]:	0.43949630341018553
Model Size:		7
Number of Transitions:	12
Model Building Time:	2.1260106563568115
Model Checking Time:	0.00031256675720214844
Constant definitions:	
Run ID: ibqlwps060b8s628s3i283bwczrf0ghzbwol5d6umw
2025/11/12 17:29:45 INFO mlflow.projects: === Run (ID '586f5c9de3ae41ee95035dc96d22f2fb') succeeded ===
=======================
2025/11/12 17:29:46 INFO mlflow.projects.utils: === Created directory /tmp/tmp_8cucdak for downloading remote URIs passed to arguments of type 'path' ===
2025/11/12 17:29:46 INFO mlflow.projects.backend.local: === Running command 'python run.py --project_name=ski_experiments --parent_run_id=last --preprocessor=quantum_phase_flip:0.02 --prism_dir=../prism_files --prism_file_path=ski2.prism --constant_definitions='' --prop='P=? [ F "goal" ]' --interpreter='' --prob_threshold=0 --task rl_model_checking --disabled_features '' --seed -1 --training_threshold -1000000000000 --num_episodes 1000 --eval_interval 9 --sliding_window_size 100 --reward_flag 0 --max_steps 100 --wrong_action_penalty 1000 --deploy 0 --postprocessor '' --range_plotting 1 --rl_algorithm dqn_agent --alpha 0.99 --noise_scale 0.01 --layers 2 --neurons 64 --replay_buffer_size 300000 --epsilon 1 --epsilon_dec 0.9999 --epsilon_min 0.1 --gamma 0.99 --replace 304 --lr 0.0001 --batch_size 32' in run with ID '83211186a5fb45acad8e50c63d764b2a' === 
Write to file test.drn.
Write to file test.drn.
Loaded last run a67c08f057614750ae1d6f64ca8444e7 from project ski_experiments
Copying run...
Copied run to ../mlruns/883524926124897103/w78yrudtm2kwsq3txef7hkthw75ffbya89c7v70uju
We use the following command line arguments:
{'task': 'rl_model_checking', 'project_name': 'ski_experiments', 'parent_run_id': 'a67c08f057614750ae1d6f64ca8444e7', 'prism_dir': '../prism_files', 'prism_file_path': 'ski2.prism', 'constant_definitions': '', 'disabled_features': '', 'seed': -1, 'training_threshold': -1000000000000.0, 'num_episodes': 1000, 'eval_interval': 9, 'sliding_window_size': 100, 'reward_flag': True, 'max_steps': 100, 'wrong_action_penalty': 1000, 'deploy': 0, 'preprocessor': 'quantum_phase_flip:0.02', 'postprocessor': '', 'interpreter': '', 'prop': 'P=? [ F "goal" ]', 'range_plotting': 1, 'rl_algorithm': 'qreinforce', 'alpha': 0.99, 'noise_scale': 0.01, 'layers': 2, 'neurons': 64, 'replay_buffer_size': 300000, 'epsilon': 1.0, 'epsilon_dec': 0.9999, 'epsilon_min': 0.1, 'gamma': 0.99, 'replace': 304, 'lr': 0.01, 'prob_threshold': 0.0, 'batch_size': 32}
/workspaces/coolmc/mlruns/883524926124897103/w78yrudtm2kwsq3txef7hkthw75ffbya89c7v70uju/artifacts/model
Loaded Quantum REINFORCE model from /workspaces/coolmc/mlruns/883524926124897103/w78yrudtm2kwsq3txef7hkthw75ffbya89c7v70uju/artifacts/model/quantum_reinforce.pth
Agent loaded.
Quantum Phase Flip: p=0.02
Preprocessors quantum_phase_flip:0.02
Configured quantum agent with gate-level phase flip noise (p=0.02 per gate)
  Device: default.mixed (density matrix simulation)
  Effect: Applies Pauli-Z with probability p (phase flip: |+⟩ ↔ |−⟩)
P=? [ F "goal" ]:	0.4422238234408902
Model Size:		7
Number of Transitions:	12
Model Building Time:	2.256246328353882
Model Checking Time:	0.00032806396484375
Constant definitions:	
Run ID: w78yrudtm2kwsq3txef7hkthw75ffbya89c7v70uju
2025/11/12 17:29:51 INFO mlflow.projects: === Run (ID '83211186a5fb45acad8e50c63d764b2a') succeeded ===
=======================
2025/11/12 17:29:52 INFO mlflow.projects.utils: === Created directory /tmp/tmp22owfoxf for downloading remote URIs passed to arguments of type 'path' ===
2025/11/12 17:29:52 INFO mlflow.projects.backend.local: === Running command 'python run.py --project_name=ski_experiments --parent_run_id=last --preprocessor=quantum_phase_flip:0.03 --prism_dir=../prism_files --prism_file_path=ski2.prism --constant_definitions='' --prop='P=? [ F "goal" ]' --interpreter='' --prob_threshold=0 --task rl_model_checking --disabled_features '' --seed -1 --training_threshold -1000000000000 --num_episodes 1000 --eval_interval 9 --sliding_window_size 100 --reward_flag 0 --max_steps 100 --wrong_action_penalty 1000 --deploy 0 --postprocessor '' --range_plotting 1 --rl_algorithm dqn_agent --alpha 0.99 --noise_scale 0.01 --layers 2 --neurons 64 --replay_buffer_size 300000 --epsilon 1 --epsilon_dec 0.9999 --epsilon_min 0.1 --gamma 0.99 --replace 304 --lr 0.0001 --batch_size 32' in run with ID '0793f88d57da46a2b915e45097ab67e4' === 
Write to file test.drn.
Write to file test.drn.
Loaded last run a67c08f057614750ae1d6f64ca8444e7 from project ski_experiments
Copying run...
Copied run to ../mlruns/883524926124897103/6jghwktlew4g1taf641kv7satqo6u3pr3lvu4ry509
We use the following command line arguments:
{'task': 'rl_model_checking', 'project_name': 'ski_experiments', 'parent_run_id': 'a67c08f057614750ae1d6f64ca8444e7', 'prism_dir': '../prism_files', 'prism_file_path': 'ski2.prism', 'constant_definitions': '', 'disabled_features': '', 'seed': -1, 'training_threshold': -1000000000000.0, 'num_episodes': 1000, 'eval_interval': 9, 'sliding_window_size': 100, 'reward_flag': True, 'max_steps': 100, 'wrong_action_penalty': 1000, 'deploy': 0, 'preprocessor': 'quantum_phase_flip:0.03', 'postprocessor': '', 'interpreter': '', 'prop': 'P=? [ F "goal" ]', 'range_plotting': 1, 'rl_algorithm': 'qreinforce', 'alpha': 0.99, 'noise_scale': 0.01, 'layers': 2, 'neurons': 64, 'replay_buffer_size': 300000, 'epsilon': 1.0, 'epsilon_dec': 0.9999, 'epsilon_min': 0.1, 'gamma': 0.99, 'replace': 304, 'lr': 0.01, 'prob_threshold': 0.0, 'batch_size': 32}
/workspaces/coolmc/mlruns/883524926124897103/6jghwktlew4g1taf641kv7satqo6u3pr3lvu4ry509/artifacts/model
Loaded Quantum REINFORCE model from /workspaces/coolmc/mlruns/883524926124897103/6jghwktlew4g1taf641kv7satqo6u3pr3lvu4ry509/artifacts/model/quantum_reinforce.pth
Agent loaded.
Quantum Phase Flip: p=0.03
Preprocessors quantum_phase_flip:0.03
Configured quantum agent with gate-level phase flip noise (p=0.03 per gate)
  Device: default.mixed (density matrix simulation)
  Effect: Applies Pauli-Z with probability p (phase flip: |+⟩ ↔ |−⟩)
P=? [ F "goal" ]:	0.4448795707185929
Model Size:		7
Number of Transitions:	12
Model Building Time:	2.2668726444244385
Model Checking Time:	0.00030732154846191406
Constant definitions:	
Run ID: 6jghwktlew4g1taf641kv7satqo6u3pr3lvu4ry509
2025/11/12 17:29:57 INFO mlflow.projects: === Run (ID '0793f88d57da46a2b915e45097ab67e4') succeeded ===
=======================
2025/11/12 17:29:58 INFO mlflow.projects.utils: === Created directory /tmp/tmp3etkmh77 for downloading remote URIs passed to arguments of type 'path' ===
2025/11/12 17:29:58 INFO mlflow.projects.backend.local: === Running command 'python run.py --project_name=ski_experiments --parent_run_id=last --preprocessor=quantum_phase_flip:0.04 --prism_dir=../prism_files --prism_file_path=ski2.prism --constant_definitions='' --prop='P=? [ F "goal" ]' --interpreter='' --prob_threshold=0 --task rl_model_checking --disabled_features '' --seed -1 --training_threshold -1000000000000 --num_episodes 1000 --eval_interval 9 --sliding_window_size 100 --reward_flag 0 --max_steps 100 --wrong_action_penalty 1000 --deploy 0 --postprocessor '' --range_plotting 1 --rl_algorithm dqn_agent --alpha 0.99 --noise_scale 0.01 --layers 2 --neurons 64 --replay_buffer_size 300000 --epsilon 1 --epsilon_dec 0.9999 --epsilon_min 0.1 --gamma 0.99 --replace 304 --lr 0.0001 --batch_size 32' in run with ID 'd2bd0c72ef874072838cf71dceab86d5' === 
Write to file test.drn.
Write to file test.drn.
Loaded last run a67c08f057614750ae1d6f64ca8444e7 from project ski_experiments
Copying run...
Copied run to ../mlruns/883524926124897103/3rg06vz0nrxoa1q4ubtlzvkekjnyvdol647ycv0954
We use the following command line arguments:
{'task': 'rl_model_checking', 'project_name': 'ski_experiments', 'parent_run_id': 'a67c08f057614750ae1d6f64ca8444e7', 'prism_dir': '../prism_files', 'prism_file_path': 'ski2.prism', 'constant_definitions': '', 'disabled_features': '', 'seed': -1, 'training_threshold': -1000000000000.0, 'num_episodes': 1000, 'eval_interval': 9, 'sliding_window_size': 100, 'reward_flag': True, 'max_steps': 100, 'wrong_action_penalty': 1000, 'deploy': 0, 'preprocessor': 'quantum_phase_flip:0.04', 'postprocessor': '', 'interpreter': '', 'prop': 'P=? [ F "goal" ]', 'range_plotting': 1, 'rl_algorithm': 'qreinforce', 'alpha': 0.99, 'noise_scale': 0.01, 'layers': 2, 'neurons': 64, 'replay_buffer_size': 300000, 'epsilon': 1.0, 'epsilon_dec': 0.9999, 'epsilon_min': 0.1, 'gamma': 0.99, 'replace': 304, 'lr': 0.01, 'prob_threshold': 0.0, 'batch_size': 32}
/workspaces/coolmc/mlruns/883524926124897103/3rg06vz0nrxoa1q4ubtlzvkekjnyvdol647ycv0954/artifacts/model
Loaded Quantum REINFORCE model from /workspaces/coolmc/mlruns/883524926124897103/3rg06vz0nrxoa1q4ubtlzvkekjnyvdol647ycv0954/artifacts/model/quantum_reinforce.pth
Agent loaded.
Quantum Phase Flip: p=0.04
Preprocessors quantum_phase_flip:0.04
Configured quantum agent with gate-level phase flip noise (p=0.04 per gate)
  Device: default.mixed (density matrix simulation)
  Effect: Applies Pauli-Z with probability p (phase flip: |+⟩ ↔ |−⟩)
P=? [ F "goal" ]:	0.4474644861025591
Model Size:		7
Number of Transitions:	12
Model Building Time:	2.2433323860168457
Model Checking Time:	0.0003311634063720703
Constant definitions:	
Run ID: 3rg06vz0nrxoa1q4ubtlzvkekjnyvdol647ycv0954
2025/11/12 17:30:02 INFO mlflow.projects: === Run (ID 'd2bd0c72ef874072838cf71dceab86d5') succeeded ===
=======================
2025/11/12 17:30:03 INFO mlflow.projects.utils: === Created directory /tmp/tmpvm_j9rkt for downloading remote URIs passed to arguments of type 'path' ===
2025/11/12 17:30:03 INFO mlflow.projects.backend.local: === Running command 'python run.py --project_name=ski_experiments --parent_run_id=last --preprocessor=quantum_phase_flip:0.05 --prism_dir=../prism_files --prism_file_path=ski2.prism --constant_definitions='' --prop='P=? [ F "goal" ]' --interpreter='' --prob_threshold=0 --task rl_model_checking --disabled_features '' --seed -1 --training_threshold -1000000000000 --num_episodes 1000 --eval_interval 9 --sliding_window_size 100 --reward_flag 0 --max_steps 100 --wrong_action_penalty 1000 --deploy 0 --postprocessor '' --range_plotting 1 --rl_algorithm dqn_agent --alpha 0.99 --noise_scale 0.01 --layers 2 --neurons 64 --replay_buffer_size 300000 --epsilon 1 --epsilon_dec 0.9999 --epsilon_min 0.1 --gamma 0.99 --replace 304 --lr 0.0001 --batch_size 32' in run with ID '209bbad4b9864ef4bcabca5792d6afe4' === 
Write to file test.drn.
Write to file test.drn.
Loaded last run a67c08f057614750ae1d6f64ca8444e7 from project ski_experiments
Copying run...
Copied run to ../mlruns/883524926124897103/1w6ydarvg55ohll9ievx95i9tx9d76sgnvr2q4wg2u
We use the following command line arguments:
{'task': 'rl_model_checking', 'project_name': 'ski_experiments', 'parent_run_id': 'a67c08f057614750ae1d6f64ca8444e7', 'prism_dir': '../prism_files', 'prism_file_path': 'ski2.prism', 'constant_definitions': '', 'disabled_features': '', 'seed': -1, 'training_threshold': -1000000000000.0, 'num_episodes': 1000, 'eval_interval': 9, 'sliding_window_size': 100, 'reward_flag': True, 'max_steps': 100, 'wrong_action_penalty': 1000, 'deploy': 0, 'preprocessor': 'quantum_phase_flip:0.05', 'postprocessor': '', 'interpreter': '', 'prop': 'P=? [ F "goal" ]', 'range_plotting': 1, 'rl_algorithm': 'qreinforce', 'alpha': 0.99, 'noise_scale': 0.01, 'layers': 2, 'neurons': 64, 'replay_buffer_size': 300000, 'epsilon': 1.0, 'epsilon_dec': 0.9999, 'epsilon_min': 0.1, 'gamma': 0.99, 'replace': 304, 'lr': 0.01, 'prob_threshold': 0.0, 'batch_size': 32}
/workspaces/coolmc/mlruns/883524926124897103/1w6ydarvg55ohll9ievx95i9tx9d76sgnvr2q4wg2u/artifacts/model
Loaded Quantum REINFORCE model from /workspaces/coolmc/mlruns/883524926124897103/1w6ydarvg55ohll9ievx95i9tx9d76sgnvr2q4wg2u/artifacts/model/quantum_reinforce.pth
Agent loaded.
Quantum Phase Flip: p=0.05
Preprocessors quantum_phase_flip:0.05
Configured quantum agent with gate-level phase flip noise (p=0.05 per gate)
  Device: default.mixed (density matrix simulation)
  Effect: Applies Pauli-Z with probability p (phase flip: |+⟩ ↔ |−⟩)
P=? [ F "goal" ]:	0.4499786404558595
Model Size:		7
Number of Transitions:	12
Model Building Time:	2.119323253631592
Model Checking Time:	0.0002853870391845703
Constant definitions:	
Run ID: 1w6ydarvg55ohll9ievx95i9tx9d76sgnvr2q4wg2u
2025/11/12 17:30:08 INFO mlflow.projects: === Run (ID '209bbad4b9864ef4bcabca5792d6afe4') succeeded ===
=======================
2025/11/12 17:30:09 INFO mlflow.projects.utils: === Created directory /tmp/tmpcdzgkbrx for downloading remote URIs passed to arguments of type 'path' ===
2025/11/12 17:30:09 INFO mlflow.projects.backend.local: === Running command 'python run.py --project_name=ski_experiments --parent_run_id=last --preprocessor=quantum_phase_flip:0.06 --prism_dir=../prism_files --prism_file_path=ski2.prism --constant_definitions='' --prop='P=? [ F "goal" ]' --interpreter='' --prob_threshold=0 --task rl_model_checking --disabled_features '' --seed -1 --training_threshold -1000000000000 --num_episodes 1000 --eval_interval 9 --sliding_window_size 100 --reward_flag 0 --max_steps 100 --wrong_action_penalty 1000 --deploy 0 --postprocessor '' --range_plotting 1 --rl_algorithm dqn_agent --alpha 0.99 --noise_scale 0.01 --layers 2 --neurons 64 --replay_buffer_size 300000 --epsilon 1 --epsilon_dec 0.9999 --epsilon_min 0.1 --gamma 0.99 --replace 304 --lr 0.0001 --batch_size 32' in run with ID '5609c1b3a2fc4034bb71ecbb21647098' === 
Write to file test.drn.
Write to file test.drn.
Loaded last run a67c08f057614750ae1d6f64ca8444e7 from project ski_experiments
Copying run...
Copied run to ../mlruns/883524926124897103/cp874x2j12r6kacawkfd9qoicu68o2hucx5gxs8x96
We use the following command line arguments:
{'task': 'rl_model_checking', 'project_name': 'ski_experiments', 'parent_run_id': 'a67c08f057614750ae1d6f64ca8444e7', 'prism_dir': '../prism_files', 'prism_file_path': 'ski2.prism', 'constant_definitions': '', 'disabled_features': '', 'seed': -1, 'training_threshold': -1000000000000.0, 'num_episodes': 1000, 'eval_interval': 9, 'sliding_window_size': 100, 'reward_flag': True, 'max_steps': 100, 'wrong_action_penalty': 1000, 'deploy': 0, 'preprocessor': 'quantum_phase_flip:0.06', 'postprocessor': '', 'interpreter': '', 'prop': 'P=? [ F "goal" ]', 'range_plotting': 1, 'rl_algorithm': 'qreinforce', 'alpha': 0.99, 'noise_scale': 0.01, 'layers': 2, 'neurons': 64, 'replay_buffer_size': 300000, 'epsilon': 1.0, 'epsilon_dec': 0.9999, 'epsilon_min': 0.1, 'gamma': 0.99, 'replace': 304, 'lr': 0.01, 'prob_threshold': 0.0, 'batch_size': 32}
/workspaces/coolmc/mlruns/883524926124897103/cp874x2j12r6kacawkfd9qoicu68o2hucx5gxs8x96/artifacts/model
Loaded Quantum REINFORCE model from /workspaces/coolmc/mlruns/883524926124897103/cp874x2j12r6kacawkfd9qoicu68o2hucx5gxs8x96/artifacts/model/quantum_reinforce.pth
Agent loaded.
Quantum Phase Flip: p=0.06
Preprocessors quantum_phase_flip:0.06
Configured quantum agent with gate-level phase flip noise (p=0.06 per gate)
  Device: default.mixed (density matrix simulation)
  Effect: Applies Pauli-Z with probability p (phase flip: |+⟩ ↔ |−⟩)
P=? [ F "goal" ]:	0.4524211073934827
Model Size:		7
Number of Transitions:	12
Model Building Time:	2.2650279998779297
Model Checking Time:	0.0003211498260498047
Constant definitions:	
Run ID: cp874x2j12r6kacawkfd9qoicu68o2hucx5gxs8x96
2025/11/12 17:30:14 INFO mlflow.projects: === Run (ID '5609c1b3a2fc4034bb71ecbb21647098') succeeded ===
=======================
2025/11/12 17:30:15 INFO mlflow.projects.utils: === Created directory /tmp/tmpkyqfuv5a for downloading remote URIs passed to arguments of type 'path' ===
2025/11/12 17:30:15 INFO mlflow.projects.backend.local: === Running command 'python run.py --project_name=ski_experiments --parent_run_id=last --preprocessor=quantum_phase_flip:0.07 --prism_dir=../prism_files --prism_file_path=ski2.prism --constant_definitions='' --prop='P=? [ F "goal" ]' --interpreter='' --prob_threshold=0 --task rl_model_checking --disabled_features '' --seed -1 --training_threshold -1000000000000 --num_episodes 1000 --eval_interval 9 --sliding_window_size 100 --reward_flag 0 --max_steps 100 --wrong_action_penalty 1000 --deploy 0 --postprocessor '' --range_plotting 1 --rl_algorithm dqn_agent --alpha 0.99 --noise_scale 0.01 --layers 2 --neurons 64 --replay_buffer_size 300000 --epsilon 1 --epsilon_dec 0.9999 --epsilon_min 0.1 --gamma 0.99 --replace 304 --lr 0.0001 --batch_size 32' in run with ID 'a84f72652fb144eb8590e05648e947cb' === 
Write to file test.drn.
Write to file test.drn.
Loaded last run a67c08f057614750ae1d6f64ca8444e7 from project ski_experiments
Copying run...
Copied run to ../mlruns/883524926124897103/uzmkuw3p9fak1kkmji6y4gq5o289w6v5d61y0ccztf
We use the following command line arguments:
{'task': 'rl_model_checking', 'project_name': 'ski_experiments', 'parent_run_id': 'a67c08f057614750ae1d6f64ca8444e7', 'prism_dir': '../prism_files', 'prism_file_path': 'ski2.prism', 'constant_definitions': '', 'disabled_features': '', 'seed': -1, 'training_threshold': -1000000000000.0, 'num_episodes': 1000, 'eval_interval': 9, 'sliding_window_size': 100, 'reward_flag': True, 'max_steps': 100, 'wrong_action_penalty': 1000, 'deploy': 0, 'preprocessor': 'quantum_phase_flip:0.07', 'postprocessor': '', 'interpreter': '', 'prop': 'P=? [ F "goal" ]', 'range_plotting': 1, 'rl_algorithm': 'qreinforce', 'alpha': 0.99, 'noise_scale': 0.01, 'layers': 2, 'neurons': 64, 'replay_buffer_size': 300000, 'epsilon': 1.0, 'epsilon_dec': 0.9999, 'epsilon_min': 0.1, 'gamma': 0.99, 'replace': 304, 'lr': 0.01, 'prob_threshold': 0.0, 'batch_size': 32}
/workspaces/coolmc/mlruns/883524926124897103/uzmkuw3p9fak1kkmji6y4gq5o289w6v5d61y0ccztf/artifacts/model
Loaded Quantum REINFORCE model from /workspaces/coolmc/mlruns/883524926124897103/uzmkuw3p9fak1kkmji6y4gq5o289w6v5d61y0ccztf/artifacts/model/quantum_reinforce.pth
Agent loaded.
Quantum Phase Flip: p=0.07
Preprocessors quantum_phase_flip:0.07
Configured quantum agent with gate-level phase flip noise (p=0.07 per gate)
  Device: default.mixed (density matrix simulation)
  Effect: Applies Pauli-Z with probability p (phase flip: |+⟩ ↔ |−⟩)
P=? [ F "goal" ]:	0.45478990822098947
Model Size:		7
Number of Transitions:	12
Model Building Time:	2.2498435974121094
Model Checking Time:	0.00031495094299316406
Constant definitions:	
Run ID: uzmkuw3p9fak1kkmji6y4gq5o289w6v5d61y0ccztf
2025/11/12 17:30:19 INFO mlflow.projects: === Run (ID 'a84f72652fb144eb8590e05648e947cb') succeeded ===
=======================
2025/11/12 17:30:20 INFO mlflow.projects.utils: === Created directory /tmp/tmp5rxzap8e for downloading remote URIs passed to arguments of type 'path' ===
2025/11/12 17:30:20 INFO mlflow.projects.backend.local: === Running command 'python run.py --project_name=ski_experiments --parent_run_id=last --preprocessor=quantum_phase_flip:0.08 --prism_dir=../prism_files --prism_file_path=ski2.prism --constant_definitions='' --prop='P=? [ F "goal" ]' --interpreter='' --prob_threshold=0 --task rl_model_checking --disabled_features '' --seed -1 --training_threshold -1000000000000 --num_episodes 1000 --eval_interval 9 --sliding_window_size 100 --reward_flag 0 --max_steps 100 --wrong_action_penalty 1000 --deploy 0 --postprocessor '' --range_plotting 1 --rl_algorithm dqn_agent --alpha 0.99 --noise_scale 0.01 --layers 2 --neurons 64 --replay_buffer_size 300000 --epsilon 1 --epsilon_dec 0.9999 --epsilon_min 0.1 --gamma 0.99 --replace 304 --lr 0.0001 --batch_size 32' in run with ID 'fcf1d4e1e9c44956b799d3370e4e128b' === 
Write to file test.drn.
Write to file test.drn.
Loaded last run a67c08f057614750ae1d6f64ca8444e7 from project ski_experiments
Copying run...
Copied run to ../mlruns/883524926124897103/9829vuh1prsafsvww36lqusa23hzl8flbbc4o4fvgz
We use the following command line arguments:
{'task': 'rl_model_checking', 'project_name': 'ski_experiments', 'parent_run_id': 'a67c08f057614750ae1d6f64ca8444e7', 'prism_dir': '../prism_files', 'prism_file_path': 'ski2.prism', 'constant_definitions': '', 'disabled_features': '', 'seed': -1, 'training_threshold': -1000000000000.0, 'num_episodes': 1000, 'eval_interval': 9, 'sliding_window_size': 100, 'reward_flag': True, 'max_steps': 100, 'wrong_action_penalty': 1000, 'deploy': 0, 'preprocessor': 'quantum_phase_flip:0.08', 'postprocessor': '', 'interpreter': '', 'prop': 'P=? [ F "goal" ]', 'range_plotting': 1, 'rl_algorithm': 'qreinforce', 'alpha': 0.99, 'noise_scale': 0.01, 'layers': 2, 'neurons': 64, 'replay_buffer_size': 300000, 'epsilon': 1.0, 'epsilon_dec': 0.9999, 'epsilon_min': 0.1, 'gamma': 0.99, 'replace': 304, 'lr': 0.01, 'prob_threshold': 0.0, 'batch_size': 32}
/workspaces/coolmc/mlruns/883524926124897103/9829vuh1prsafsvww36lqusa23hzl8flbbc4o4fvgz/artifacts/model
Loaded Quantum REINFORCE model from /workspaces/coolmc/mlruns/883524926124897103/9829vuh1prsafsvww36lqusa23hzl8flbbc4o4fvgz/artifacts/model/quantum_reinforce.pth
Agent loaded.
Quantum Phase Flip: p=0.08
Preprocessors quantum_phase_flip:0.08
Configured quantum agent with gate-level phase flip noise (p=0.08 per gate)
  Device: default.mixed (density matrix simulation)
  Effect: Applies Pauli-Z with probability p (phase flip: |+⟩ ↔ |−⟩)
P=? [ F "goal" ]:	0.45708224152329496
Model Size:		7
Number of Transitions:	12
Model Building Time:	2.1288552284240723
Model Checking Time:	0.0003120899200439453
Constant definitions:	
Run ID: 9829vuh1prsafsvww36lqusa23hzl8flbbc4o4fvgz
2025/11/12 17:30:25 INFO mlflow.projects: === Run (ID 'fcf1d4e1e9c44956b799d3370e4e128b') succeeded ===
=======================
2025/11/12 17:30:26 INFO mlflow.projects.utils: === Created directory /tmp/tmpnsiylxzi for downloading remote URIs passed to arguments of type 'path' ===
2025/11/12 17:30:26 INFO mlflow.projects.backend.local: === Running command 'python run.py --project_name=ski_experiments --parent_run_id=last --preprocessor=quantum_phase_flip:0.09 --prism_dir=../prism_files --prism_file_path=ski2.prism --constant_definitions='' --prop='P=? [ F "goal" ]' --interpreter='' --prob_threshold=0 --task rl_model_checking --disabled_features '' --seed -1 --training_threshold -1000000000000 --num_episodes 1000 --eval_interval 9 --sliding_window_size 100 --reward_flag 0 --max_steps 100 --wrong_action_penalty 1000 --deploy 0 --postprocessor '' --range_plotting 1 --rl_algorithm dqn_agent --alpha 0.99 --noise_scale 0.01 --layers 2 --neurons 64 --replay_buffer_size 300000 --epsilon 1 --epsilon_dec 0.9999 --epsilon_min 0.1 --gamma 0.99 --replace 304 --lr 0.0001 --batch_size 32' in run with ID '17e15b832ef34b84ae62369da3e8b2b9' === 
Write to file test.drn.
Write to file test.drn.
Loaded last run a67c08f057614750ae1d6f64ca8444e7 from project ski_experiments
Copying run...
Copied run to ../mlruns/883524926124897103/kstsn2ps71x9th0ndrdgsy37m8wlplwybn6lq1qs4e
We use the following command line arguments:
{'task': 'rl_model_checking', 'project_name': 'ski_experiments', 'parent_run_id': 'a67c08f057614750ae1d6f64ca8444e7', 'prism_dir': '../prism_files', 'prism_file_path': 'ski2.prism', 'constant_definitions': '', 'disabled_features': '', 'seed': -1, 'training_threshold': -1000000000000.0, 'num_episodes': 1000, 'eval_interval': 9, 'sliding_window_size': 100, 'reward_flag': True, 'max_steps': 100, 'wrong_action_penalty': 1000, 'deploy': 0, 'preprocessor': 'quantum_phase_flip:0.09', 'postprocessor': '', 'interpreter': '', 'prop': 'P=? [ F "goal" ]', 'range_plotting': 1, 'rl_algorithm': 'qreinforce', 'alpha': 0.99, 'noise_scale': 0.01, 'layers': 2, 'neurons': 64, 'replay_buffer_size': 300000, 'epsilon': 1.0, 'epsilon_dec': 0.9999, 'epsilon_min': 0.1, 'gamma': 0.99, 'replace': 304, 'lr': 0.01, 'prob_threshold': 0.0, 'batch_size': 32}
/workspaces/coolmc/mlruns/883524926124897103/kstsn2ps71x9th0ndrdgsy37m8wlplwybn6lq1qs4e/artifacts/model
Loaded Quantum REINFORCE model from /workspaces/coolmc/mlruns/883524926124897103/kstsn2ps71x9th0ndrdgsy37m8wlplwybn6lq1qs4e/artifacts/model/quantum_reinforce.pth
Agent loaded.
Quantum Phase Flip: p=0.09
Preprocessors quantum_phase_flip:0.09
Configured quantum agent with gate-level phase flip noise (p=0.09 per gate)
  Device: default.mixed (density matrix simulation)
  Effect: Applies Pauli-Z with probability p (phase flip: |+⟩ ↔ |−⟩)
P=? [ F "goal" ]:	0.4592941516928574
Model Size:		7
Number of Transitions:	12
Model Building Time:	2.2543697357177734
Model Checking Time:	0.0003228187561035156
Constant definitions:	
Run ID: kstsn2ps71x9th0ndrdgsy37m8wlplwybn6lq1qs4e
2025/11/12 17:30:31 INFO mlflow.projects: === Run (ID '17e15b832ef34b84ae62369da3e8b2b9') succeeded ===
=======================
2025/11/12 17:30:32 INFO mlflow.projects.utils: === Created directory /tmp/tmpuk57xutk for downloading remote URIs passed to arguments of type 'path' ===
2025/11/12 17:30:32 INFO mlflow.projects.backend.local: === Running command 'python run.py --project_name=ski_experiments --parent_run_id=last --preprocessor=quantum_phase_flip:0.1 --prism_dir=../prism_files --prism_file_path=ski2.prism --constant_definitions='' --prop='P=? [ F "goal" ]' --interpreter='' --prob_threshold=0 --task rl_model_checking --disabled_features '' --seed -1 --training_threshold -1000000000000 --num_episodes 1000 --eval_interval 9 --sliding_window_size 100 --reward_flag 0 --max_steps 100 --wrong_action_penalty 1000 --deploy 0 --postprocessor '' --range_plotting 1 --rl_algorithm dqn_agent --alpha 0.99 --noise_scale 0.01 --layers 2 --neurons 64 --replay_buffer_size 300000 --epsilon 1 --epsilon_dec 0.9999 --epsilon_min 0.1 --gamma 0.99 --replace 304 --lr 0.0001 --batch_size 32' in run with ID '1a140870423c4256945edd5a836210ad' === 
Write to file test.drn.
Write to file test.drn.
Loaded last run a67c08f057614750ae1d6f64ca8444e7 from project ski_experiments
Copying run...
Copied run to ../mlruns/883524926124897103/wzu5wah2jtwjc3bbv07ge56rarpm1g0vb4vqki6mb7
We use the following command line arguments:
{'task': 'rl_model_checking', 'project_name': 'ski_experiments', 'parent_run_id': 'a67c08f057614750ae1d6f64ca8444e7', 'prism_dir': '../prism_files', 'prism_file_path': 'ski2.prism', 'constant_definitions': '', 'disabled_features': '', 'seed': -1, 'training_threshold': -1000000000000.0, 'num_episodes': 1000, 'eval_interval': 9, 'sliding_window_size': 100, 'reward_flag': True, 'max_steps': 100, 'wrong_action_penalty': 1000, 'deploy': 0, 'preprocessor': 'quantum_phase_flip:0.1', 'postprocessor': '', 'interpreter': '', 'prop': 'P=? [ F "goal" ]', 'range_plotting': 1, 'rl_algorithm': 'qreinforce', 'alpha': 0.99, 'noise_scale': 0.01, 'layers': 2, 'neurons': 64, 'replay_buffer_size': 300000, 'epsilon': 1.0, 'epsilon_dec': 0.9999, 'epsilon_min': 0.1, 'gamma': 0.99, 'replace': 304, 'lr': 0.01, 'prob_threshold': 0.0, 'batch_size': 32}
/workspaces/coolmc/mlruns/883524926124897103/wzu5wah2jtwjc3bbv07ge56rarpm1g0vb4vqki6mb7/artifacts/model
Loaded Quantum REINFORCE model from /workspaces/coolmc/mlruns/883524926124897103/wzu5wah2jtwjc3bbv07ge56rarpm1g0vb4vqki6mb7/artifacts/model/quantum_reinforce.pth
Agent loaded.
Quantum Phase Flip: p=0.1
Preprocessors quantum_phase_flip:0.1
Configured quantum agent with gate-level phase flip noise (p=0.1 per gate)
  Device: default.mixed (density matrix simulation)
  Effect: Applies Pauli-Z with probability p (phase flip: |+⟩ ↔ |−⟩)
P=? [ F "goal" ]:	0.46142107094231083
Model Size:		7
Number of Transitions:	12
Model Building Time:	2.264791488647461
Model Checking Time:	0.00033974647521972656
Constant definitions:	
Run ID: wzu5wah2jtwjc3bbv07ge56rarpm1g0vb4vqki6mb7
2025/11/12 17:30:37 INFO mlflow.projects: === Run (ID '1a140870423c4256945edd5a836210ad') succeeded ===
=======================
